CRITICAL - 2022-11-06 00:00:18 --> Trying to access array offset on value of type null
in APPPATH\Views\arsip\preview.php on line 73.
 1 APPPATH\Views\arsip\preview.php(73): CodeIgniter\Debug\Exceptions->errorHandler(2, 'Trying to access array offset on value of type null', 'APPPATH\\Views\\arsip\\preview.php', 73)
 2 SYSTEMPATH\View\View.php(213): include('APPPATH\\Views\\arsip\\preview.php')
 3 SYSTEMPATH\View\View.php(216): CodeIgniter\View\View->CodeIgniter\View\{closure}()
 4 SYSTEMPATH\Common.php(1134): CodeIgniter\View\View->render('arsip/preview', [], true)
 5 APPPATH\Controllers\Arsip.php(118): view('arsip/preview', [...])
 6 SYSTEMPATH\CodeIgniter.php(927): App\Controllers\Arsip->preview('FCPATH\\vendor', 'sweetalert2', 'dist', 'sweetalert2.min.css')
 7 SYSTEMPATH\CodeIgniter.php(482): CodeIgniter\CodeIgniter->runController(Object(App\Controllers\Arsip))
 8 SYSTEMPATH\CodeIgniter.php(351): CodeIgniter\CodeIgniter->handleRequest(null, Object(Config\Cache), false)
 9 FCPATH\index.php(67): CodeIgniter\CodeIgniter->run()
10 SYSTEMPATH\Commands\Server\rewrite.php(46): require_once('FCPATH\\index.php')
CRITICAL - 2022-11-06 00:00:18 --> Trying to access array offset on value of type null
in APPPATH\Views\arsip\preview.php on line 73.
 1 APPPATH\Views\arsip\preview.php(73): CodeIgniter\Debug\Exceptions->errorHandler(2, 'Trying to access array offset on value of type null', 'APPPATH\\Views\\arsip\\preview.php', 73)
 2 SYSTEMPATH\View\View.php(213): include('APPPATH\\Views\\arsip\\preview.php')
 3 SYSTEMPATH\View\View.php(216): CodeIgniter\View\View->CodeIgniter\View\{closure}()
 4 SYSTEMPATH\Common.php(1134): CodeIgniter\View\View->render('arsip/preview', [], true)
 5 APPPATH\Controllers\Arsip.php(118): view('arsip/preview', [...])
 6 SYSTEMPATH\CodeIgniter.php(927): App\Controllers\Arsip->preview('FCPATH\\vendor', 'notyf', 'notyf.min.css')
 7 SYSTEMPATH\CodeIgniter.php(482): CodeIgniter\CodeIgniter->runController(Object(App\Controllers\Arsip))
 8 SYSTEMPATH\CodeIgniter.php(351): CodeIgniter\CodeIgniter->handleRequest(null, Object(Config\Cache), false)
 9 FCPATH\index.php(67): CodeIgniter\CodeIgniter->run()
10 SYSTEMPATH\Commands\Server\rewrite.php(46): require_once('FCPATH\\index.php')
CRITICAL - 2022-11-06 00:00:18 --> Trying to access array offset on value of type null
in APPPATH\Views\arsip\preview.php on line 73.
 1 APPPATH\Views\arsip\preview.php(73): CodeIgniter\Debug\Exceptions->errorHandler(2, 'Trying to access array offset on value of type null', 'APPPATH\\Views\\arsip\\preview.php', 73)
 2 SYSTEMPATH\View\View.php(213): include('APPPATH\\Views\\arsip\\preview.php')
 3 SYSTEMPATH\View\View.php(216): CodeIgniter\View\View->CodeIgniter\View\{closure}()
 4 SYSTEMPATH\Common.php(1134): CodeIgniter\View\View->render('arsip/preview', [], true)
 5 APPPATH\Controllers\Arsip.php(118): view('arsip/preview', [...])
 6 SYSTEMPATH\CodeIgniter.php(927): App\Controllers\Arsip->preview('FCPATH\\css', 'volt.css')
 7 SYSTEMPATH\CodeIgniter.php(482): CodeIgniter\CodeIgniter->runController(Object(App\Controllers\Arsip))
 8 SYSTEMPATH\CodeIgniter.php(351): CodeIgniter\CodeIgniter->handleRequest(null, Object(Config\Cache), false)
 9 FCPATH\index.php(67): CodeIgniter\CodeIgniter->run()
10 SYSTEMPATH\Commands\Server\rewrite.php(46): require_once('FCPATH\\index.php')
CRITICAL - 2022-11-06 00:00:19 --> Trying to access array offset on value of type null
in APPPATH\Views\arsip\preview.php on line 73.
 1 APPPATH\Views\arsip\preview.php(73): CodeIgniter\Debug\Exceptions->errorHandler(2, 'Trying to access array offset on value of type null', 'APPPATH\\Views\\arsip\\preview.php', 73)
 2 SYSTEMPATH\View\View.php(213): include('APPPATH\\Views\\arsip\\preview.php')
 3 SYSTEMPATH\View\View.php(216): CodeIgniter\View\View->CodeIgniter\View\{closure}()
 4 SYSTEMPATH\Common.php(1134): CodeIgniter\View\View->render('arsip/preview', [], true)
 5 APPPATH\Controllers\Arsip.php(118): view('arsip/preview', [...])
 6 SYSTEMPATH\CodeIgniter.php(927): App\Controllers\Arsip->preview('FCPATH\\vendor', '@popperjs', 'core', 'dist', 'umd', 'popper.min.js')
 7 SYSTEMPATH\CodeIgniter.php(482): CodeIgniter\CodeIgniter->runController(Object(App\Controllers\Arsip))
 8 SYSTEMPATH\CodeIgniter.php(351): CodeIgniter\CodeIgniter->handleRequest(null, Object(Config\Cache), false)
 9 FCPATH\index.php(67): CodeIgniter\CodeIgniter->run()
10 SYSTEMPATH\Commands\Server\rewrite.php(46): require_once('FCPATH\\index.php')
CRITICAL - 2022-11-06 00:00:19 --> Trying to access array offset on value of type null
in APPPATH\Views\arsip\preview.php on line 73.
 1 APPPATH\Views\arsip\preview.php(73): CodeIgniter\Debug\Exceptions->errorHandler(2, 'Trying to access array offset on value of type null', 'APPPATH\\Views\\arsip\\preview.php', 73)
 2 SYSTEMPATH\View\View.php(213): include('APPPATH\\Views\\arsip\\preview.php')
 3 SYSTEMPATH\View\View.php(216): CodeIgniter\View\View->CodeIgniter\View\{closure}()
 4 SYSTEMPATH\Common.php(1134): CodeIgniter\View\View->render('arsip/preview', [], true)
 5 APPPATH\Controllers\Arsip.php(118): view('arsip/preview', [...])
 6 SYSTEMPATH\CodeIgniter.php(927): App\Controllers\Arsip->preview('FCPATH\\vendor', 'bootstrap', 'dist', 'js', 'bootstrap.min.js')
 7 SYSTEMPATH\CodeIgniter.php(482): CodeIgniter\CodeIgniter->runController(Object(App\Controllers\Arsip))
 8 SYSTEMPATH\CodeIgniter.php(351): CodeIgniter\CodeIgniter->handleRequest(null, Object(Config\Cache), false)
 9 FCPATH\index.php(67): CodeIgniter\CodeIgniter->run()
10 SYSTEMPATH\Commands\Server\rewrite.php(46): require_once('FCPATH\\index.php')
CRITICAL - 2022-11-06 00:00:19 --> Trying to access array offset on value of type null
in APPPATH\Views\arsip\preview.php on line 73.
 1 APPPATH\Views\arsip\preview.php(73): CodeIgniter\Debug\Exceptions->errorHandler(2, 'Trying to access array offset on value of type null', 'APPPATH\\Views\\arsip\\preview.php', 73)
 2 SYSTEMPATH\View\View.php(213): include('APPPATH\\Views\\arsip\\preview.php')
 3 SYSTEMPATH\View\View.php(216): CodeIgniter\View\View->CodeIgniter\View\{closure}()
 4 SYSTEMPATH\Common.php(1134): CodeIgniter\View\View->render('arsip/preview', [], true)
 5 APPPATH\Controllers\Arsip.php(118): view('arsip/preview', [...])
 6 SYSTEMPATH\CodeIgniter.php(927): App\Controllers\Arsip->preview('FCPATH\\vendor', 'onscreen', 'dist', 'on-screen.umd.min.js')
 7 SYSTEMPATH\CodeIgniter.php(482): CodeIgniter\CodeIgniter->runController(Object(App\Controllers\Arsip))
 8 SYSTEMPATH\CodeIgniter.php(351): CodeIgniter\CodeIgniter->handleRequest(null, Object(Config\Cache), false)
 9 FCPATH\index.php(67): CodeIgniter\CodeIgniter->run()
10 SYSTEMPATH\Commands\Server\rewrite.php(46): require_once('FCPATH\\index.php')
CRITICAL - 2022-11-06 00:00:19 --> Trying to access array offset on value of type null
in APPPATH\Views\arsip\preview.php on line 73.
 1 APPPATH\Views\arsip\preview.php(73): CodeIgniter\Debug\Exceptions->errorHandler(2, 'Trying to access array offset on value of type null', 'APPPATH\\Views\\arsip\\preview.php', 73)
 2 SYSTEMPATH\View\View.php(213): include('APPPATH\\Views\\arsip\\preview.php')
 3 SYSTEMPATH\View\View.php(216): CodeIgniter\View\View->CodeIgniter\View\{closure}()
 4 SYSTEMPATH\Common.php(1134): CodeIgniter\View\View->render('arsip/preview', [], true)
 5 APPPATH\Controllers\Arsip.php(118): view('arsip/preview', [...])
 6 SYSTEMPATH\CodeIgniter.php(927): App\Controllers\Arsip->preview('FCPATH\\vendor', 'nouislider', 'dist', 'nouislider.min.js')
 7 SYSTEMPATH\CodeIgniter.php(482): CodeIgniter\CodeIgniter->runController(Object(App\Controllers\Arsip))
 8 SYSTEMPATH\CodeIgniter.php(351): CodeIgniter\CodeIgniter->handleRequest(null, Object(Config\Cache), false)
 9 FCPATH\index.php(67): CodeIgniter\CodeIgniter->run()
10 SYSTEMPATH\Commands\Server\rewrite.php(46): require_once('FCPATH\\index.php')
CRITICAL - 2022-11-06 00:00:20 --> Trying to access array offset on value of type null
in APPPATH\Views\arsip\preview.php on line 73.
 1 APPPATH\Views\arsip\preview.php(73): CodeIgniter\Debug\Exceptions->errorHandler(2, 'Trying to access array offset on value of type null', 'APPPATH\\Views\\arsip\\preview.php', 73)
 2 SYSTEMPATH\View\View.php(213): include('APPPATH\\Views\\arsip\\preview.php')
 3 SYSTEMPATH\View\View.php(216): CodeIgniter\View\View->CodeIgniter\View\{closure}()
 4 SYSTEMPATH\Common.php(1134): CodeIgniter\View\View->render('arsip/preview', [], true)
 5 APPPATH\Controllers\Arsip.php(118): view('arsip/preview', [...])
 6 SYSTEMPATH\CodeIgniter.php(927): App\Controllers\Arsip->preview('FCPATH\\vendor', 'smooth-scroll', 'dist', 'smooth-scroll.polyfills.min.js')
 7 SYSTEMPATH\CodeIgniter.php(482): CodeIgniter\CodeIgniter->runController(Object(App\Controllers\Arsip))
 8 SYSTEMPATH\CodeIgniter.php(351): CodeIgniter\CodeIgniter->handleRequest(null, Object(Config\Cache), false)
 9 FCPATH\index.php(67): CodeIgniter\CodeIgniter->run()
10 SYSTEMPATH\Commands\Server\rewrite.php(46): require_once('FCPATH\\index.php')
CRITICAL - 2022-11-06 00:00:20 --> Trying to access array offset on value of type null
in APPPATH\Views\arsip\preview.php on line 73.
 1 APPPATH\Views\arsip\preview.php(73): CodeIgniter\Debug\Exceptions->errorHandler(2, 'Trying to access array offset on value of type null', 'APPPATH\\Views\\arsip\\preview.php', 73)
 2 SYSTEMPATH\View\View.php(213): include('APPPATH\\Views\\arsip\\preview.php')
 3 SYSTEMPATH\View\View.php(216): CodeIgniter\View\View->CodeIgniter\View\{closure}()
 4 SYSTEMPATH\Common.php(1134): CodeIgniter\View\View->render('arsip/preview', [], true)
 5 APPPATH\Controllers\Arsip.php(118): view('arsip/preview', [...])
 6 SYSTEMPATH\CodeIgniter.php(927): App\Controllers\Arsip->preview('FCPATH\\assets', 'js', 'script.js')
 7 SYSTEMPATH\CodeIgniter.php(482): CodeIgniter\CodeIgniter->runController(Object(App\Controllers\Arsip))
 8 SYSTEMPATH\CodeIgniter.php(351): CodeIgniter\CodeIgniter->handleRequest(null, Object(Config\Cache), false)
 9 FCPATH\index.php(67): CodeIgniter\CodeIgniter->run()
10 SYSTEMPATH\Commands\Server\rewrite.php(46): require_once('FCPATH\\index.php')
CRITICAL - 2022-11-06 00:00:20 --> Trying to access array offset on value of type null
in APPPATH\Views\arsip\preview.php on line 73.
 1 APPPATH\Views\arsip\preview.php(73): CodeIgniter\Debug\Exceptions->errorHandler(2, 'Trying to access array offset on value of type null', 'APPPATH\\Views\\arsip\\preview.php', 73)
 2 SYSTEMPATH\View\View.php(213): include('APPPATH\\Views\\arsip\\preview.php')
 3 SYSTEMPATH\View\View.php(216): CodeIgniter\View\View->CodeIgniter\View\{closure}()
 4 SYSTEMPATH\Common.php(1134): CodeIgniter\View\View->render('arsip/preview', [], true)
 5 APPPATH\Controllers\Arsip.php(118): view('arsip/preview', [...])
 6 SYSTEMPATH\CodeIgniter.php(927): App\Controllers\Arsip->preview('FCPATH\\assets', 'img', 'logo-kelurahan.svg')
 7 SYSTEMPATH\CodeIgniter.php(482): CodeIgniter\CodeIgniter->runController(Object(App\Controllers\Arsip))
 8 SYSTEMPATH\CodeIgniter.php(351): CodeIgniter\CodeIgniter->handleRequest(null, Object(Config\Cache), false)
 9 FCPATH\index.php(67): CodeIgniter\CodeIgniter->run()
10 SYSTEMPATH\Commands\Server\rewrite.php(46): require_once('FCPATH\\index.php')
CRITICAL - 2022-11-06 00:00:20 --> Trying to access array offset on value of type null
in APPPATH\Views\arsip\preview.php on line 73.
 1 APPPATH\Views\arsip\preview.php(73): CodeIgniter\Debug\Exceptions->errorHandler(2, 'Trying to access array offset on value of type null', 'APPPATH\\Views\\arsip\\preview.php', 73)
 2 SYSTEMPATH\View\View.php(213): include('APPPATH\\Views\\arsip\\preview.php')
 3 SYSTEMPATH\View\View.php(216): CodeIgniter\View\View->CodeIgniter\View\{closure}()
 4 SYSTEMPATH\Common.php(1134): CodeIgniter\View\View->render('arsip/preview', [], true)
 5 APPPATH\Controllers\Arsip.php(118): view('arsip/preview', [...])
 6 SYSTEMPATH\CodeIgniter.php(927): App\Controllers\Arsip->preview('FCPATH\\assets', 'img', 'brand', 'dark.svg')
 7 SYSTEMPATH\CodeIgniter.php(482): CodeIgniter\CodeIgniter->runController(Object(App\Controllers\Arsip))
 8 SYSTEMPATH\CodeIgniter.php(351): CodeIgniter\CodeIgniter->handleRequest(null, Object(Config\Cache), false)
 9 FCPATH\index.php(67): CodeIgniter\CodeIgniter->run()
10 SYSTEMPATH\Commands\Server\rewrite.php(46): require_once('FCPATH\\index.php')
CRITICAL - 2022-11-06 00:00:20 --> Trying to access array offset on value of type null
in APPPATH\Views\arsip\preview.php on line 73.
 1 APPPATH\Views\arsip\preview.php(73): CodeIgniter\Debug\Exceptions->errorHandler(2, 'Trying to access array offset on value of type null', 'APPPATH\\Views\\arsip\\preview.php', 73)
 2 SYSTEMPATH\View\View.php(213): include('APPPATH\\Views\\arsip\\preview.php')
 3 SYSTEMPATH\View\View.php(216): CodeIgniter\View\View->CodeIgniter\View\{closure}()
 4 SYSTEMPATH\Common.php(1134): CodeIgniter\View\View->render('arsip/preview', [], true)
 5 APPPATH\Controllers\Arsip.php(118): view('arsip/preview', [...])
 6 SYSTEMPATH\CodeIgniter.php(927): App\Controllers\Arsip->preview('FCPATH\\assets', 'img', 'brand', 'light.svg')
 7 SYSTEMPATH\CodeIgniter.php(482): CodeIgniter\CodeIgniter->runController(Object(App\Controllers\Arsip))
 8 SYSTEMPATH\CodeIgniter.php(351): CodeIgniter\CodeIgniter->handleRequest(null, Object(Config\Cache), false)
 9 FCPATH\index.php(67): CodeIgniter\CodeIgniter->run()
10 SYSTEMPATH\Commands\Server\rewrite.php(46): require_once('FCPATH\\index.php')
CRITICAL - 2022-11-06 00:00:21 --> Trying to access array offset on value of type null
in APPPATH\Views\arsip\preview.php on line 73.
 1 APPPATH\Views\arsip\preview.php(73): CodeIgniter\Debug\Exceptions->errorHandler(2, 'Trying to access array offset on value of type null', 'APPPATH\\Views\\arsip\\preview.php', 73)
 2 SYSTEMPATH\View\View.php(213): include('APPPATH\\Views\\arsip\\preview.php')
 3 SYSTEMPATH\View\View.php(216): CodeIgniter\View\View->CodeIgniter\View\{closure}()
 4 SYSTEMPATH\Common.php(1134): CodeIgniter\View\View->render('arsip/preview', [], true)
 5 APPPATH\Controllers\Arsip.php(118): view('arsip/preview', [...])
 6 SYSTEMPATH\CodeIgniter.php(927): App\Controllers\Arsip->preview('FCPATH\\vendor', 'sweetalert2', 'dist', 'sweetalert2.all.min.js')
 7 SYSTEMPATH\CodeIgniter.php(482): CodeIgniter\CodeIgniter->runController(Object(App\Controllers\Arsip))
 8 SYSTEMPATH\CodeIgniter.php(351): CodeIgniter\CodeIgniter->handleRequest(null, Object(Config\Cache), false)
 9 FCPATH\index.php(67): CodeIgniter\CodeIgniter->run()
10 SYSTEMPATH\Commands\Server\rewrite.php(46): require_once('FCPATH\\index.php')
CRITICAL - 2022-11-06 00:00:21 --> Trying to access array offset on value of type null
in APPPATH\Views\arsip\preview.php on line 73.
 1 APPPATH\Views\arsip\preview.php(73): CodeIgniter\Debug\Exceptions->errorHandler(2, 'Trying to access array offset on value of type null', 'APPPATH\\Views\\arsip\\preview.php', 73)
 2 SYSTEMPATH\View\View.php(213): include('APPPATH\\Views\\arsip\\preview.php')
 3 SYSTEMPATH\View\View.php(216): CodeIgniter\View\View->CodeIgniter\View\{closure}()
 4 SYSTEMPATH\Common.php(1134): CodeIgniter\View\View->render('arsip/preview', [], true)
 5 APPPATH\Controllers\Arsip.php(118): view('arsip/preview', [...])
 6 SYSTEMPATH\CodeIgniter.php(927): App\Controllers\Arsip->preview('FCPATH\\vendor', 'vanillajs-datepicker', 'dist', 'js', 'datepicker.min.js')
 7 SYSTEMPATH\CodeIgniter.php(482): CodeIgniter\CodeIgniter->runController(Object(App\Controllers\Arsip))
 8 SYSTEMPATH\CodeIgniter.php(351): CodeIgniter\CodeIgniter->handleRequest(null, Object(Config\Cache), false)
 9 FCPATH\index.php(67): CodeIgniter\CodeIgniter->run()
10 SYSTEMPATH\Commands\Server\rewrite.php(46): require_once('FCPATH\\index.php')
CRITICAL - 2022-11-06 00:00:21 --> Trying to access array offset on value of type null
in APPPATH\Views\arsip\preview.php on line 73.
 1 APPPATH\Views\arsip\preview.php(73): CodeIgniter\Debug\Exceptions->errorHandler(2, 'Trying to access array offset on value of type null', 'APPPATH\\Views\\arsip\\preview.php', 73)
 2 SYSTEMPATH\View\View.php(213): include('APPPATH\\Views\\arsip\\preview.php')
 3 SYSTEMPATH\View\View.php(216): CodeIgniter\View\View->CodeIgniter\View\{closure}()
 4 SYSTEMPATH\Common.php(1134): CodeIgniter\View\View->render('arsip/preview', [], true)
 5 APPPATH\Controllers\Arsip.php(118): view('arsip/preview', [...])
 6 SYSTEMPATH\CodeIgniter.php(927): App\Controllers\Arsip->preview('FCPATH\\vendor', 'notyf', 'notyf.min.js')
 7 SYSTEMPATH\CodeIgniter.php(482): CodeIgniter\CodeIgniter->runController(Object(App\Controllers\Arsip))
 8 SYSTEMPATH\CodeIgniter.php(351): CodeIgniter\CodeIgniter->handleRequest(null, Object(Config\Cache), false)
 9 FCPATH\index.php(67): CodeIgniter\CodeIgniter->run()
10 SYSTEMPATH\Commands\Server\rewrite.php(46): require_once('FCPATH\\index.php')
CRITICAL - 2022-11-06 00:00:21 --> Trying to access array offset on value of type null
in APPPATH\Views\arsip\preview.php on line 73.
 1 APPPATH\Views\arsip\preview.php(73): CodeIgniter\Debug\Exceptions->errorHandler(2, 'Trying to access array offset on value of type null', 'APPPATH\\Views\\arsip\\preview.php', 73)
 2 SYSTEMPATH\View\View.php(213): include('APPPATH\\Views\\arsip\\preview.php')
 3 SYSTEMPATH\View\View.php(216): CodeIgniter\View\View->CodeIgniter\View\{closure}()
 4 SYSTEMPATH\Common.php(1134): CodeIgniter\View\View->render('arsip/preview', [], true)
 5 APPPATH\Controllers\Arsip.php(118): view('arsip/preview', [...])
 6 SYSTEMPATH\CodeIgniter.php(927): App\Controllers\Arsip->preview('FCPATH\\vendor', 'simplebar', 'dist', 'simplebar.min.js')
 7 SYSTEMPATH\CodeIgniter.php(482): CodeIgniter\CodeIgniter->runController(Object(App\Controllers\Arsip))
 8 SYSTEMPATH\CodeIgniter.php(351): CodeIgniter\CodeIgniter->handleRequest(null, Object(Config\Cache), false)
 9 FCPATH\index.php(67): CodeIgniter\CodeIgniter->run()
10 SYSTEMPATH\Commands\Server\rewrite.php(46): require_once('FCPATH\\index.php')
CRITICAL - 2022-11-06 00:00:21 --> Trying to access array offset on value of type null
in APPPATH\Views\arsip\preview.php on line 73.
 1 APPPATH\Views\arsip\preview.php(73): CodeIgniter\Debug\Exceptions->errorHandler(2, 'Trying to access array offset on value of type null', 'APPPATH\\Views\\arsip\\preview.php', 73)
 2 SYSTEMPATH\View\View.php(213): include('APPPATH\\Views\\arsip\\preview.php')
 3 SYSTEMPATH\View\View.php(216): CodeIgniter\View\View->CodeIgniter\View\{closure}()
 4 SYSTEMPATH\Common.php(1134): CodeIgniter\View\View->render('arsip/preview', [], true)
 5 APPPATH\Controllers\Arsip.php(118): view('arsip/preview', [...])
 6 SYSTEMPATH\CodeIgniter.php(927): App\Controllers\Arsip->preview('FCPATH\\assets', 'js', 'volt.js')
 7 SYSTEMPATH\CodeIgniter.php(482): CodeIgniter\CodeIgniter->runController(Object(App\Controllers\Arsip))
 8 SYSTEMPATH\CodeIgniter.php(351): CodeIgniter\CodeIgniter->handleRequest(null, Object(Config\Cache), false)
 9 FCPATH\index.php(67): CodeIgniter\CodeIgniter->run()
10 SYSTEMPATH\Commands\Server\rewrite.php(46): require_once('FCPATH\\index.php')
CRITICAL - 2022-11-06 00:00:22 --> Trying to access array offset on value of type null
in APPPATH\Views\arsip\preview.php on line 73.
 1 APPPATH\Views\arsip\preview.php(73): CodeIgniter\Debug\Exceptions->errorHandler(2, 'Trying to access array offset on value of type null', 'APPPATH\\Views\\arsip\\preview.php', 73)
 2 SYSTEMPATH\View\View.php(213): include('APPPATH\\Views\\arsip\\preview.php')
 3 SYSTEMPATH\View\View.php(216): CodeIgniter\View\View->CodeIgniter\View\{closure}()
 4 SYSTEMPATH\Common.php(1134): CodeIgniter\View\View->render('arsip/preview', [], true)
 5 APPPATH\Controllers\Arsip.php(118): view('arsip/preview', [...])
 6 SYSTEMPATH\CodeIgniter.php(927): App\Controllers\Arsip->preview('FCPATH\\assets', 'img', 'user.jpg')
 7 SYSTEMPATH\CodeIgniter.php(482): CodeIgniter\CodeIgniter->runController(Object(App\Controllers\Arsip))
 8 SYSTEMPATH\CodeIgniter.php(351): CodeIgniter\CodeIgniter->handleRequest(null, Object(Config\Cache), false)
 9 FCPATH\index.php(67): CodeIgniter\CodeIgniter->run()
10 SYSTEMPATH\Commands\Server\rewrite.php(46): require_once('FCPATH\\index.php')
CRITICAL - 2022-11-06 00:03:03 --> Invalid file: /preview.php
in SYSTEMPATH\Exceptions\FrameworkException.php on line 33.
 1 SYSTEMPATH\View\View.php(201): CodeIgniter\Exceptions\FrameworkException::forInvalidFile('/preview.php')
 2 SYSTEMPATH\Common.php(1134): CodeIgniter\View\View->render('/preview', [], true)
 3 APPPATH\Controllers\Arsip.php(118): view('/preview', [...])
 4 SYSTEMPATH\CodeIgniter.php(927): App\Controllers\Arsip->preview('3')
 5 SYSTEMPATH\CodeIgniter.php(482): CodeIgniter\CodeIgniter->runController(Object(App\Controllers\Arsip))
 6 SYSTEMPATH\CodeIgniter.php(351): CodeIgniter\CodeIgniter->handleRequest(null, Object(Config\Cache), false)
 7 FCPATH\index.php(67): CodeIgniter\CodeIgniter->run()
 8 SYSTEMPATH\Commands\Server\rewrite.php(46): require_once('FCPATH\\index.php')
CRITICAL - 2022-11-06 00:03:16 --> Invalid file: preview.php
in SYSTEMPATH\Exceptions\FrameworkException.php on line 33.
 1 SYSTEMPATH\View\View.php(201): CodeIgniter\Exceptions\FrameworkException::forInvalidFile('preview.php')
 2 SYSTEMPATH\Common.php(1134): CodeIgniter\View\View->render('preview', [], true)
 3 APPPATH\Controllers\Arsip.php(118): view('preview', [...])
 4 SYSTEMPATH\CodeIgniter.php(927): App\Controllers\Arsip->preview('3')
 5 SYSTEMPATH\CodeIgniter.php(482): CodeIgniter\CodeIgniter->runController(Object(App\Controllers\Arsip))
 6 SYSTEMPATH\CodeIgniter.php(351): CodeIgniter\CodeIgniter->handleRequest(null, Object(Config\Cache), false)
 7 FCPATH\index.php(67): CodeIgniter\CodeIgniter->run()
 8 SYSTEMPATH\Commands\Server\rewrite.php(46): require_once('FCPATH\\index.php')
CRITICAL - 2022-11-06 00:04:04 --> Invalid file: arsip/preview/3.php
in SYSTEMPATH\Exceptions\FrameworkException.php on line 33.
 1 SYSTEMPATH\View\View.php(201): CodeIgniter\Exceptions\FrameworkException::forInvalidFile('arsip/preview/3.php')
 2 SYSTEMPATH\Common.php(1134): CodeIgniter\View\View->render('arsip/preview/3', [], true)
 3 APPPATH\Controllers\Arsip.php(118): view('arsip/preview/3', [...])
 4 SYSTEMPATH\CodeIgniter.php(927): App\Controllers\Arsip->preview('3')
 5 SYSTEMPATH\CodeIgniter.php(482): CodeIgniter\CodeIgniter->runController(Object(App\Controllers\Arsip))
 6 SYSTEMPATH\CodeIgniter.php(351): CodeIgniter\CodeIgniter->handleRequest(null, Object(Config\Cache), false)
 7 FCPATH\index.php(67): CodeIgniter\CodeIgniter->run()
 8 SYSTEMPATH\Commands\Server\rewrite.php(46): require_once('FCPATH\\index.php')
CRITICAL - 2022-11-06 00:27:29 --> Undefined variable $id
in APPPATH\Config\Routes.php on line 52.
 1 APPPATH\Config\Routes.php(52): CodeIgniter\Debug\Exceptions->errorHandler(2, 'Undefined variable $id', 'APPPATH\\Config\\Routes.php', 52)
 2 SYSTEMPATH\CodeIgniter.php(789): require('APPPATH\\Config\\Routes.php')
 3 SYSTEMPATH\CodeIgniter.php(430): CodeIgniter\CodeIgniter->tryToRouteIt(Object(CodeIgniter\Router\RouteCollection))
 4 SYSTEMPATH\CodeIgniter.php(351): CodeIgniter\CodeIgniter->handleRequest(null, Object(Config\Cache), false)
 5 FCPATH\index.php(67): CodeIgniter\CodeIgniter->run()
 6 SYSTEMPATH\Commands\Server\rewrite.php(46): require_once('FCPATH\\index.php')
CRITICAL - 2022-11-06 00:55:50 --> Cannot use object of type stdClass as array
in APPPATH\Views\arsip\preview.php on line 73.
 1 SYSTEMPATH\View\View.php(213): include()
 2 SYSTEMPATH\View\View.php(216): CodeIgniter\View\View->CodeIgniter\View\{closure}()
 3 SYSTEMPATH\Common.php(1134): CodeIgniter\View\View->render('arsip/preview', [], true)
 4 APPPATH\Controllers\Arsip.php(118): view('arsip/preview', [...])
 5 SYSTEMPATH\CodeIgniter.php(927): App\Controllers\Arsip->preview('2')
 6 SYSTEMPATH\CodeIgniter.php(482): CodeIgniter\CodeIgniter->runController(Object(App\Controllers\Arsip))
 7 SYSTEMPATH\CodeIgniter.php(351): CodeIgniter\CodeIgniter->handleRequest(null, Object(Config\Cache), false)
 8 FCPATH\index.php(67): CodeIgniter\CodeIgniter->run()
 9 SYSTEMPATH\Commands\Server\rewrite.php(46): require_once('FCPATH\\index.php')
CRITICAL - 2022-11-06 01:38:37 --> Invalid file: arsip/about.php
in SYSTEMPATH\Exceptions\FrameworkException.php on line 33.
 1 SYSTEMPATH\View\View.php(201): CodeIgniter\Exceptions\FrameworkException::forInvalidFile('arsip/about.php')
 2 SYSTEMPATH\Common.php(1134): CodeIgniter\View\View->render('arsip/about', [], true)
 3 APPPATH\Controllers\Arsip.php(130): view('arsip/about')
 4 SYSTEMPATH\CodeIgniter.php(927): App\Controllers\Arsip->about()
 5 SYSTEMPATH\CodeIgniter.php(482): CodeIgniter\CodeIgniter->runController(Object(App\Controllers\Arsip))
 6 SYSTEMPATH\CodeIgniter.php(351): CodeIgniter\CodeIgniter->handleRequest(null, Object(Config\Cache), false)
 7 FCPATH\index.php(67): CodeIgniter\CodeIgniter->run()
 8 SYSTEMPATH\Commands\Server\rewrite.php(46): require_once('FCPATH\\index.php')
CRITICAL - 2022-11-06 02:27:34 --> Cannot use object of type stdClass as array
in APPPATH\Views\arsip\edit.php on line 103.
 1 SYSTEMPATH\View\View.php(213): include()
 2 SYSTEMPATH\View\View.php(216): CodeIgniter\View\View->CodeIgniter\View\{closure}()
 3 SYSTEMPATH\Common.php(1134): CodeIgniter\View\View->render('arsip/edit', [], true)
 4 APPPATH\Controllers\Arsip.php(48): view('arsip/edit', [...])
 5 SYSTEMPATH\CodeIgniter.php(927): App\Controllers\Arsip->edit('4')
 6 SYSTEMPATH\CodeIgniter.php(482): CodeIgniter\CodeIgniter->runController(Object(App\Controllers\Arsip))
 7 SYSTEMPATH\CodeIgniter.php(351): CodeIgniter\CodeIgniter->handleRequest(null, Object(Config\Cache), false)
 8 FCPATH\index.php(67): CodeIgniter\CodeIgniter->run()
 9 SYSTEMPATH\Commands\Server\rewrite.php(46): require_once('FCPATH\\index.php')
CRITICAL - 2022-11-06 02:27:45 --> Undefined property: stdClass::$id
in APPPATH\Views\arsip\edit.php on line 103.
 1 APPPATH\Views\arsip\edit.php(103): CodeIgniter\Debug\Exceptions->errorHandler(2, 'Undefined property: stdClass::$id', 'APPPATH\\Views\\arsip\\edit.php', 103)
 2 SYSTEMPATH\View\View.php(213): include('APPPATH\\Views\\arsip\\edit.php')
 3 SYSTEMPATH\View\View.php(216): CodeIgniter\View\View->CodeIgniter\View\{closure}()
 4 SYSTEMPATH\Common.php(1134): CodeIgniter\View\View->render('arsip/edit', [], true)
 5 APPPATH\Controllers\Arsip.php(48): view('arsip/edit', [...])
 6 SYSTEMPATH\CodeIgniter.php(927): App\Controllers\Arsip->edit('4')
 7 SYSTEMPATH\CodeIgniter.php(482): CodeIgniter\CodeIgniter->runController(Object(App\Controllers\Arsip))
 8 SYSTEMPATH\CodeIgniter.php(351): CodeIgniter\CodeIgniter->handleRequest(null, Object(Config\Cache), false)
 9 FCPATH\index.php(67): CodeIgniter\CodeIgniter->run()
10 SYSTEMPATH\Commands\Server\rewrite.php(46): require_once('FCPATH\\index.php')
CRITICAL - 2022-11-06 02:27:55 --> Undefined variable $validation
in APPPATH\Views\arsip\edit.php on line 115.
 1 APPPATH\Views\arsip\edit.php(115): CodeIgniter\Debug\Exceptions->errorHandler(2, 'Undefined variable $validation', 'APPPATH\\Views\\arsip\\edit.php', 115)
 2 SYSTEMPATH\View\View.php(213): include('APPPATH\\Views\\arsip\\edit.php')
 3 SYSTEMPATH\View\View.php(216): CodeIgniter\View\View->CodeIgniter\View\{closure}()
 4 SYSTEMPATH\Common.php(1134): CodeIgniter\View\View->render('arsip/edit', [], true)
 5 APPPATH\Controllers\Arsip.php(48): view('arsip/edit', [...])
 6 SYSTEMPATH\CodeIgniter.php(927): App\Controllers\Arsip->edit('4')
 7 SYSTEMPATH\CodeIgniter.php(482): CodeIgniter\CodeIgniter->runController(Object(App\Controllers\Arsip))
 8 SYSTEMPATH\CodeIgniter.php(351): CodeIgniter\CodeIgniter->handleRequest(null, Object(Config\Cache), false)
 9 FCPATH\index.php(67): CodeIgniter\CodeIgniter->run()
10 SYSTEMPATH\Commands\Server\rewrite.php(46): require_once('FCPATH\\index.php')
CRITICAL - 2022-11-06 02:28:35 --> Undefined variable $validation
in APPPATH\Views\arsip\edit.php on line 117.
 1 APPPATH\Views\arsip\edit.php(117): CodeIgniter\Debug\Exceptions->errorHandler(2, 'Undefined variable $validation', 'APPPATH\\Views\\arsip\\edit.php', 117)
 2 SYSTEMPATH\View\View.php(213): include('APPPATH\\Views\\arsip\\edit.php')
 3 SYSTEMPATH\View\View.php(216): CodeIgniter\View\View->CodeIgniter\View\{closure}()
 4 SYSTEMPATH\Common.php(1134): CodeIgniter\View\View->render('arsip/edit', [], true)
 5 APPPATH\Controllers\Arsip.php(48): view('arsip/edit', [...])
 6 SYSTEMPATH\CodeIgniter.php(927): App\Controllers\Arsip->edit('4')
 7 SYSTEMPATH\CodeIgniter.php(482): CodeIgniter\CodeIgniter->runController(Object(App\Controllers\Arsip))
 8 SYSTEMPATH\CodeIgniter.php(351): CodeIgniter\CodeIgniter->handleRequest(null, Object(Config\Cache), false)
 9 FCPATH\index.php(67): CodeIgniter\CodeIgniter->run()
10 SYSTEMPATH\Commands\Server\rewrite.php(46): require_once('FCPATH\\index.php')
CRITICAL - 2022-11-06 02:37:11 --> Undefined variable $cats
in APPPATH\Views\arsip\edit.php on line 126.
 1 APPPATH\Views\arsip\edit.php(126): CodeIgniter\Debug\Exceptions->errorHandler(2, 'Undefined variable $cats', 'APPPATH\\Views\\arsip\\edit.php', 126)
 2 SYSTEMPATH\View\View.php(213): include('APPPATH\\Views\\arsip\\edit.php')
 3 SYSTEMPATH\View\View.php(216): CodeIgniter\View\View->CodeIgniter\View\{closure}()
 4 SYSTEMPATH\Common.php(1134): CodeIgniter\View\View->render('arsip/edit', [], true)
 5 APPPATH\Controllers\Arsip.php(48): view('arsip/edit', [...])
 6 SYSTEMPATH\CodeIgniter.php(927): App\Controllers\Arsip->edit('4')
 7 SYSTEMPATH\CodeIgniter.php(482): CodeIgniter\CodeIgniter->runController(Object(App\Controllers\Arsip))
 8 SYSTEMPATH\CodeIgniter.php(351): CodeIgniter\CodeIgniter->handleRequest(null, Object(Config\Cache), false)
 9 FCPATH\index.php(67): CodeIgniter\CodeIgniter->run()
10 SYSTEMPATH\Commands\Server\rewrite.php(46): require_once('FCPATH\\index.php')
CRITICAL - 2022-11-06 02:37:51 --> Attempt to read property "ed" on string
in APPPATH\Views\arsip\edit.php on line 127.
 1 APPPATH\Views\arsip\edit.php(127): CodeIgniter\Debug\Exceptions->errorHandler(2, 'Attempt to read property "ed" on string', 'APPPATH\\Views\\arsip\\edit.php', 127)
 2 SYSTEMPATH\View\View.php(213): include('APPPATH\\Views\\arsip\\edit.php')
 3 SYSTEMPATH\View\View.php(216): CodeIgniter\View\View->CodeIgniter\View\{closure}()
 4 SYSTEMPATH\Common.php(1134): CodeIgniter\View\View->render('arsip/edit', [], true)
 5 APPPATH\Controllers\Arsip.php(48): view('arsip/edit', [...])
 6 SYSTEMPATH\CodeIgniter.php(927): App\Controllers\Arsip->edit('4')
 7 SYSTEMPATH\CodeIgniter.php(482): CodeIgniter\CodeIgniter->runController(Object(App\Controllers\Arsip))
 8 SYSTEMPATH\CodeIgniter.php(351): CodeIgniter\CodeIgniter->handleRequest(null, Object(Config\Cache), false)
 9 FCPATH\index.php(67): CodeIgniter\CodeIgniter->run()
10 SYSTEMPATH\Commands\Server\rewrite.php(46): require_once('FCPATH\\index.php')
CRITICAL - 2022-11-06 02:38:04 --> Attempt to read property "id_arsip" on string
in APPPATH\Views\arsip\edit.php on line 127.
 1 APPPATH\Views\arsip\edit.php(127): CodeIgniter\Debug\Exceptions->errorHandler(2, 'Attempt to read property "id_arsip" on string', 'APPPATH\\Views\\arsip\\edit.php', 127)
 2 SYSTEMPATH\View\View.php(213): include('APPPATH\\Views\\arsip\\edit.php')
 3 SYSTEMPATH\View\View.php(216): CodeIgniter\View\View->CodeIgniter\View\{closure}()
 4 SYSTEMPATH\Common.php(1134): CodeIgniter\View\View->render('arsip/edit', [], true)
 5 APPPATH\Controllers\Arsip.php(48): view('arsip/edit', [...])
 6 SYSTEMPATH\CodeIgniter.php(927): App\Controllers\Arsip->edit('4')
 7 SYSTEMPATH\CodeIgniter.php(482): CodeIgniter\CodeIgniter->runController(Object(App\Controllers\Arsip))
 8 SYSTEMPATH\CodeIgniter.php(351): CodeIgniter\CodeIgniter->handleRequest(null, Object(Config\Cache), false)
 9 FCPATH\index.php(67): CodeIgniter\CodeIgniter->run()
10 SYSTEMPATH\Commands\Server\rewrite.php(46): require_once('FCPATH\\index.php')
CRITICAL - 2022-11-06 02:38:28 --> Cannot access offset of type string on string
in APPPATH\Views\arsip\edit.php on line 127.
 1 SYSTEMPATH\View\View.php(213): include()
 2 SYSTEMPATH\View\View.php(216): CodeIgniter\View\View->CodeIgniter\View\{closure}()
 3 SYSTEMPATH\Common.php(1134): CodeIgniter\View\View->render('arsip/edit', [], true)
 4 APPPATH\Controllers\Arsip.php(48): view('arsip/edit', [...])
 5 SYSTEMPATH\CodeIgniter.php(927): App\Controllers\Arsip->edit('4')
 6 SYSTEMPATH\CodeIgniter.php(482): CodeIgniter\CodeIgniter->runController(Object(App\Controllers\Arsip))
 7 SYSTEMPATH\CodeIgniter.php(351): CodeIgniter\CodeIgniter->handleRequest(null, Object(Config\Cache), false)
 8 FCPATH\index.php(67): CodeIgniter\CodeIgniter->run()
 9 SYSTEMPATH\Commands\Server\rewrite.php(46): require_once('FCPATH\\index.php')
CRITICAL - 2022-11-06 02:38:39 --> Attempt to read property "id_arsip" on string
in APPPATH\Views\arsip\edit.php on line 127.
 1 APPPATH\Views\arsip\edit.php(127): CodeIgniter\Debug\Exceptions->errorHandler(2, 'Attempt to read property "id_arsip" on string', 'APPPATH\\Views\\arsip\\edit.php', 127)
 2 SYSTEMPATH\View\View.php(213): include('APPPATH\\Views\\arsip\\edit.php')
 3 SYSTEMPATH\View\View.php(216): CodeIgniter\View\View->CodeIgniter\View\{closure}()
 4 SYSTEMPATH\Common.php(1134): CodeIgniter\View\View->render('arsip/edit', [], true)
 5 APPPATH\Controllers\Arsip.php(48): view('arsip/edit', [...])
 6 SYSTEMPATH\CodeIgniter.php(927): App\Controllers\Arsip->edit('4')
 7 SYSTEMPATH\CodeIgniter.php(482): CodeIgniter\CodeIgniter->runController(Object(App\Controllers\Arsip))
 8 SYSTEMPATH\CodeIgniter.php(351): CodeIgniter\CodeIgniter->handleRequest(null, Object(Config\Cache), false)
 9 FCPATH\index.php(67): CodeIgniter\CodeIgniter->run()
10 SYSTEMPATH\Commands\Server\rewrite.php(46): require_once('FCPATH\\index.php')
CRITICAL - 2022-11-06 02:39:58 --> Call to undefined method App\Models\ArsipModel::result
in SYSTEMPATH\Model.php on line 774.
 1 APPPATH\Models\ArsipModel.php(30): CodeIgniter\Model->__call('result', [])
 2 APPPATH\Controllers\Arsip.php(46): App\Models\ArsipModel->detail_data('4')
 3 SYSTEMPATH\CodeIgniter.php(927): App\Controllers\Arsip->edit('4')
 4 SYSTEMPATH\CodeIgniter.php(482): CodeIgniter\CodeIgniter->runController(Object(App\Controllers\Arsip))
 5 SYSTEMPATH\CodeIgniter.php(351): CodeIgniter\CodeIgniter->handleRequest(null, Object(Config\Cache), false)
 6 FCPATH\index.php(67): CodeIgniter\CodeIgniter->run()
 7 SYSTEMPATH\Commands\Server\rewrite.php(46): require_once('FCPATH\\index.php')
CRITICAL - 2022-11-06 02:40:12 --> Attempt to read property "id_arsip" on string
in APPPATH\Views\arsip\edit.php on line 127.
 1 APPPATH\Views\arsip\edit.php(127): CodeIgniter\Debug\Exceptions->errorHandler(2, 'Attempt to read property "id_arsip" on string', 'APPPATH\\Views\\arsip\\edit.php', 127)
 2 SYSTEMPATH\View\View.php(213): include('APPPATH\\Views\\arsip\\edit.php')
 3 SYSTEMPATH\View\View.php(216): CodeIgniter\View\View->CodeIgniter\View\{closure}()
 4 SYSTEMPATH\Common.php(1134): CodeIgniter\View\View->render('arsip/edit', [], true)
 5 APPPATH\Controllers\Arsip.php(48): view('arsip/edit', [...])
 6 SYSTEMPATH\CodeIgniter.php(927): App\Controllers\Arsip->edit('4')
 7 SYSTEMPATH\CodeIgniter.php(482): CodeIgniter\CodeIgniter->runController(Object(App\Controllers\Arsip))
 8 SYSTEMPATH\CodeIgniter.php(351): CodeIgniter\CodeIgniter->handleRequest(null, Object(Config\Cache), false)
 9 FCPATH\index.php(67): CodeIgniter\CodeIgniter->run()
10 SYSTEMPATH\Commands\Server\rewrite.php(46): require_once('FCPATH\\index.php')
CRITICAL - 2022-11-06 02:41:19 --> Call to undefined method App\Models\ArsipModel::get_where
in SYSTEMPATH\Model.php on line 774.
 1 APPPATH\Models\ArsipModel.php(30): CodeIgniter\Model->__call('get_where', [...])
 2 APPPATH\Controllers\Arsip.php(46): App\Models\ArsipModel->detail_data('4')
 3 SYSTEMPATH\CodeIgniter.php(927): App\Controllers\Arsip->edit('4')
 4 SYSTEMPATH\CodeIgniter.php(482): CodeIgniter\CodeIgniter->runController(Object(App\Controllers\Arsip))
 5 SYSTEMPATH\CodeIgniter.php(351): CodeIgniter\CodeIgniter->handleRequest(null, Object(Config\Cache), false)
 6 FCPATH\index.php(67): CodeIgniter\CodeIgniter->run()
 7 SYSTEMPATH\Commands\Server\rewrite.php(46): require_once('FCPATH\\index.php')
CRITICAL - 2022-11-06 02:41:30 --> CodeIgniter\Database\BaseBuilder::getWhere(): Argument #2 ($limit) must be of type ?int, array given, called in C:\xampp\htdocs\project_arsip\system\Model.php on line 772
in SYSTEMPATH\Database\BaseBuilder.php on line 1706.
 1 SYSTEMPATH\Model.php(772): CodeIgniter\Database\BaseBuilder->getWhere(null, [...])
 2 APPPATH\Models\ArsipModel.php(30): CodeIgniter\Model->__call('getwhere', [...])
 3 APPPATH\Controllers\Arsip.php(46): App\Models\ArsipModel->detail_data('4')
 4 SYSTEMPATH\CodeIgniter.php(927): App\Controllers\Arsip->edit('4')
 5 SYSTEMPATH\CodeIgniter.php(482): CodeIgniter\CodeIgniter->runController(Object(App\Controllers\Arsip))
 6 SYSTEMPATH\CodeIgniter.php(351): CodeIgniter\CodeIgniter->handleRequest(null, Object(Config\Cache), false)
 7 FCPATH\index.php(67): CodeIgniter\CodeIgniter->run()
 8 SYSTEMPATH\Commands\Server\rewrite.php(46): require_once('FCPATH\\index.php')
CRITICAL - 2022-11-06 02:41:46 --> CodeIgniter\Database\BaseBuilder::getWhere(): Argument #2 ($limit) must be of type ?int, array given, called in C:\xampp\htdocs\project_arsip\system\Model.php on line 772
in SYSTEMPATH\Database\BaseBuilder.php on line 1706.
 1 SYSTEMPATH\Model.php(772): CodeIgniter\Database\BaseBuilder->getWhere(null, [...])
 2 APPPATH\Models\ArsipModel.php(30): CodeIgniter\Model->__call('getWhere', [...])
 3 APPPATH\Controllers\Arsip.php(46): App\Models\ArsipModel->detail_data('4')
 4 SYSTEMPATH\CodeIgniter.php(927): App\Controllers\Arsip->edit('4')
 5 SYSTEMPATH\CodeIgniter.php(482): CodeIgniter\CodeIgniter->runController(Object(App\Controllers\Arsip))
 6 SYSTEMPATH\CodeIgniter.php(351): CodeIgniter\CodeIgniter->handleRequest(null, Object(Config\Cache), false)
 7 FCPATH\index.php(67): CodeIgniter\CodeIgniter->run()
 8 SYSTEMPATH\Commands\Server\rewrite.php(46): require_once('FCPATH\\index.php')
CRITICAL - 2022-11-06 02:41:57 --> Attempt to read property "id_arsip" on string
in APPPATH\Views\arsip\edit.php on line 127.
 1 APPPATH\Views\arsip\edit.php(127): CodeIgniter\Debug\Exceptions->errorHandler(2, 'Attempt to read property "id_arsip" on string', 'APPPATH\\Views\\arsip\\edit.php', 127)
 2 SYSTEMPATH\View\View.php(213): include('APPPATH\\Views\\arsip\\edit.php')
 3 SYSTEMPATH\View\View.php(216): CodeIgniter\View\View->CodeIgniter\View\{closure}()
 4 SYSTEMPATH\Common.php(1134): CodeIgniter\View\View->render('arsip/edit', [], true)
 5 APPPATH\Controllers\Arsip.php(48): view('arsip/edit', [...])
 6 SYSTEMPATH\CodeIgniter.php(927): App\Controllers\Arsip->edit('4')
 7 SYSTEMPATH\CodeIgniter.php(482): CodeIgniter\CodeIgniter->runController(Object(App\Controllers\Arsip))
 8 SYSTEMPATH\CodeIgniter.php(351): CodeIgniter\CodeIgniter->handleRequest(null, Object(Config\Cache), false)
 9 FCPATH\index.php(67): CodeIgniter\CodeIgniter->run()
10 SYSTEMPATH\Commands\Server\rewrite.php(46): require_once('FCPATH\\index.php')
CRITICAL - 2022-11-06 02:48:22 --> Attempt to read property "kategori" on string
in APPPATH\Views\arsip\edit.php on line 127.
 1 APPPATH\Views\arsip\edit.php(127): CodeIgniter\Debug\Exceptions->errorHandler(2, 'Attempt to read property "kategori" on string', 'APPPATH\\Views\\arsip\\edit.php', 127)
 2 SYSTEMPATH\View\View.php(213): include('APPPATH\\Views\\arsip\\edit.php')
 3 SYSTEMPATH\View\View.php(216): CodeIgniter\View\View->CodeIgniter\View\{closure}()
 4 SYSTEMPATH\Common.php(1134): CodeIgniter\View\View->render('arsip/edit', [], true)
 5 APPPATH\Controllers\Arsip.php(48): view('arsip/edit', [...])
 6 SYSTEMPATH\CodeIgniter.php(927): App\Controllers\Arsip->edit('4')
 7 SYSTEMPATH\CodeIgniter.php(482): CodeIgniter\CodeIgniter->runController(Object(App\Controllers\Arsip))
 8 SYSTEMPATH\CodeIgniter.php(351): CodeIgniter\CodeIgniter->handleRequest(null, Object(Config\Cache), false)
 9 FCPATH\index.php(67): CodeIgniter\CodeIgniter->run()
10 SYSTEMPATH\Commands\Server\rewrite.php(46): require_once('FCPATH\\index.php')
CRITICAL - 2022-11-06 02:48:50 --> Attempt to read property "kategori" on string
in APPPATH\Views\arsip\edit.php on line 127.
 1 APPPATH\Views\arsip\edit.php(127): CodeIgniter\Debug\Exceptions->errorHandler(2, 'Attempt to read property "kategori" on string', 'APPPATH\\Views\\arsip\\edit.php', 127)
 2 SYSTEMPATH\View\View.php(213): include('APPPATH\\Views\\arsip\\edit.php')
 3 SYSTEMPATH\View\View.php(216): CodeIgniter\View\View->CodeIgniter\View\{closure}()
 4 SYSTEMPATH\Common.php(1134): CodeIgniter\View\View->render('arsip/edit', [], true)
 5 APPPATH\Controllers\Arsip.php(48): view('arsip/edit', [...])
 6 SYSTEMPATH\CodeIgniter.php(927): App\Controllers\Arsip->edit('4')
 7 SYSTEMPATH\CodeIgniter.php(482): CodeIgniter\CodeIgniter->runController(Object(App\Controllers\Arsip))
 8 SYSTEMPATH\CodeIgniter.php(351): CodeIgniter\CodeIgniter->handleRequest(null, Object(Config\Cache), false)
 9 FCPATH\index.php(67): CodeIgniter\CodeIgniter->run()
10 SYSTEMPATH\Commands\Server\rewrite.php(46): require_once('FCPATH\\index.php')
CRITICAL - 2022-11-06 16:14:33 --> Undefined array key "nomor_surat"
in APPPATH\Controllers\Arsip.php on line 55.
 1 APPPATH\Controllers\Arsip.php(55): CodeIgniter\Debug\Exceptions->errorHandler(2, 'Undefined array key "nomor_surat"', 'APPPATH\\Controllers\\Arsip.php', 55)
 2 SYSTEMPATH\CodeIgniter.php(927): App\Controllers\Arsip->update('6')
 3 SYSTEMPATH\CodeIgniter.php(482): CodeIgniter\CodeIgniter->runController(Object(App\Controllers\Arsip))
 4 SYSTEMPATH\CodeIgniter.php(351): CodeIgniter\CodeIgniter->handleRequest(null, Object(Config\Cache), false)
 5 FCPATH\index.php(67): CodeIgniter\CodeIgniter->run()
 6 SYSTEMPATH\Commands\Server\rewrite.php(46): require_once('FCPATH\\index.php')
CRITICAL - 2022-11-06 16:15:11 --> Attempt to read property "nomor_surat" on array
in APPPATH\Controllers\Arsip.php on line 55.
 1 APPPATH\Controllers\Arsip.php(55): CodeIgniter\Debug\Exceptions->errorHandler(2, 'Attempt to read property "nomor_surat" on array', 'APPPATH\\Controllers\\Arsip.php', 55)
 2 SYSTEMPATH\CodeIgniter.php(927): App\Controllers\Arsip->update('6')
 3 SYSTEMPATH\CodeIgniter.php(482): CodeIgniter\CodeIgniter->runController(Object(App\Controllers\Arsip))
 4 SYSTEMPATH\CodeIgniter.php(351): CodeIgniter\CodeIgniter->handleRequest(null, Object(Config\Cache), false)
 5 FCPATH\index.php(67): CodeIgniter\CodeIgniter->run()
 6 SYSTEMPATH\Commands\Server\rewrite.php(46): require_once('FCPATH\\index.php')
CRITICAL - 2022-11-06 16:16:05 --> Attempt to read property "nomor_surat" on array
in APPPATH\Controllers\Arsip.php on line 55.
 1 APPPATH\Controllers\Arsip.php(55): CodeIgniter\Debug\Exceptions->errorHandler(2, 'Attempt to read property "nomor_surat" on array', 'APPPATH\\Controllers\\Arsip.php', 55)
 2 SYSTEMPATH\CodeIgniter.php(927): App\Controllers\Arsip->update('6')
 3 SYSTEMPATH\CodeIgniter.php(482): CodeIgniter\CodeIgniter->runController(Object(App\Controllers\Arsip))
 4 SYSTEMPATH\CodeIgniter.php(351): CodeIgniter\CodeIgniter->handleRequest(null, Object(Config\Cache), false)
 5 FCPATH\index.php(67): CodeIgniter\CodeIgniter->run()
 6 SYSTEMPATH\Commands\Server\rewrite.php(46): require_once('FCPATH\\index.php')
CRITICAL - 2022-11-06 16:16:50 --> Undefined property: CodeIgniter\HTTP\IncomingRequest::$getVar
in APPPATH\Controllers\Arsip.php on line 55.
 1 APPPATH\Controllers\Arsip.php(55): CodeIgniter\Debug\Exceptions->errorHandler(2, 'Undefined property: CodeIgniter\\HTTP\\IncomingRequest::$getVar', 'APPPATH\\Controllers\\Arsip.php', 55)
 2 SYSTEMPATH\CodeIgniter.php(927): App\Controllers\Arsip->update('6')
 3 SYSTEMPATH\CodeIgniter.php(482): CodeIgniter\CodeIgniter->runController(Object(App\Controllers\Arsip))
 4 SYSTEMPATH\CodeIgniter.php(351): CodeIgniter\CodeIgniter->handleRequest(null, Object(Config\Cache), false)
 5 FCPATH\index.php(67): CodeIgniter\CodeIgniter->run()
 6 SYSTEMPATH\Commands\Server\rewrite.php(46): require_once('FCPATH\\index.php')
CRITICAL - 2022-11-06 16:17:12 --> 6 is not a valid rule.
in SYSTEMPATH\Validation\Validation.php on line 323.
 1 SYSTEMPATH\Validation\Validation.php(323): CodeIgniter\Validation\Exceptions\ValidationException::forRuleNotFound('6')
 2 SYSTEMPATH\Validation\Validation.php(175): CodeIgniter\Validation\Validation->processRules('id_arsip', 'id_arsip', null, [...], [...])
 3 SYSTEMPATH\Controller.php(140): CodeIgniter\Validation\Validation->run()
 4 APPPATH\Controllers\Arsip.php(62): CodeIgniter\Controller->validate([...])
 5 SYSTEMPATH\CodeIgniter.php(927): App\Controllers\Arsip->update('6')
 6 SYSTEMPATH\CodeIgniter.php(482): CodeIgniter\CodeIgniter->runController(Object(App\Controllers\Arsip))
 7 SYSTEMPATH\CodeIgniter.php(351): CodeIgniter\CodeIgniter->handleRequest(null, Object(Config\Cache), false)
 8 FCPATH\index.php(67): CodeIgniter\CodeIgniter->run()
 9 SYSTEMPATH\Commands\Server\rewrite.php(46): require_once('FCPATH\\index.php')
CRITICAL - 2022-11-06 16:17:41 --> Attempt to read property "nomor_surat" on array
in APPPATH\Controllers\Arsip.php on line 55.
 1 APPPATH\Controllers\Arsip.php(55): CodeIgniter\Debug\Exceptions->errorHandler(2, 'Attempt to read property "nomor_surat" on array', 'APPPATH\\Controllers\\Arsip.php', 55)
 2 SYSTEMPATH\CodeIgniter.php(927): App\Controllers\Arsip->update('6')
 3 SYSTEMPATH\CodeIgniter.php(482): CodeIgniter\CodeIgniter->runController(Object(App\Controllers\Arsip))
 4 SYSTEMPATH\CodeIgniter.php(351): CodeIgniter\CodeIgniter->handleRequest(null, Object(Config\Cache), false)
 5 FCPATH\index.php(67): CodeIgniter\CodeIgniter->run()
 6 SYSTEMPATH\Commands\Server\rewrite.php(46): require_once('FCPATH\\index.php')
CRITICAL - 2022-11-06 16:18:07 --> Undefined array key "nomor_surat"
in APPPATH\Controllers\Arsip.php on line 55.
 1 APPPATH\Controllers\Arsip.php(55): CodeIgniter\Debug\Exceptions->errorHandler(2, 'Undefined array key "nomor_surat"', 'APPPATH\\Controllers\\Arsip.php', 55)
 2 SYSTEMPATH\CodeIgniter.php(927): App\Controllers\Arsip->update('6')
 3 SYSTEMPATH\CodeIgniter.php(482): CodeIgniter\CodeIgniter->runController(Object(App\Controllers\Arsip))
 4 SYSTEMPATH\CodeIgniter.php(351): CodeIgniter\CodeIgniter->handleRequest(null, Object(Config\Cache), false)
 5 FCPATH\index.php(67): CodeIgniter\CodeIgniter->run()
 6 SYSTEMPATH\Commands\Server\rewrite.php(46): require_once('FCPATH\\index.php')
CRITICAL - 2022-11-06 16:23:55 --> Undefined property: stdClass::$id_surat
in APPPATH\Views\arsip\edit.php on line 109.
 1 APPPATH\Views\arsip\edit.php(109): CodeIgniter\Debug\Exceptions->errorHandler(2, 'Undefined property: stdClass::$id_surat', 'APPPATH\\Views\\arsip\\edit.php', 109)
 2 SYSTEMPATH\View\View.php(213): include('APPPATH\\Views\\arsip\\edit.php')
 3 SYSTEMPATH\View\View.php(216): CodeIgniter\View\View->CodeIgniter\View\{closure}()
 4 SYSTEMPATH\Common.php(1134): CodeIgniter\View\View->render('arsip/edit', [], true)
 5 APPPATH\Controllers\Arsip.php(48): view('arsip/edit', [...])
 6 SYSTEMPATH\CodeIgniter.php(927): App\Controllers\Arsip->edit('6')
 7 SYSTEMPATH\CodeIgniter.php(482): CodeIgniter\CodeIgniter->runController(Object(App\Controllers\Arsip))
 8 SYSTEMPATH\CodeIgniter.php(351): CodeIgniter\CodeIgniter->handleRequest(null, Object(Config\Cache), false)
 9 FCPATH\index.php(67): CodeIgniter\CodeIgniter->run()
10 SYSTEMPATH\Commands\Server\rewrite.php(46): require_once('FCPATH\\index.php')
CRITICAL - 2022-11-06 16:24:05 --> Undefined property: stdClass::$id_surat
in APPPATH\Views\arsip\edit.php on line 109.
 1 APPPATH\Views\arsip\edit.php(109): CodeIgniter\Debug\Exceptions->errorHandler(2, 'Undefined property: stdClass::$id_surat', 'APPPATH\\Views\\arsip\\edit.php', 109)
 2 SYSTEMPATH\View\View.php(213): include('APPPATH\\Views\\arsip\\edit.php')
 3 SYSTEMPATH\View\View.php(216): CodeIgniter\View\View->CodeIgniter\View\{closure}()
 4 SYSTEMPATH\Common.php(1134): CodeIgniter\View\View->render('arsip/edit', [], true)
 5 APPPATH\Controllers\Arsip.php(48): view('arsip/edit', [...])
 6 SYSTEMPATH\CodeIgniter.php(927): App\Controllers\Arsip->edit('6')
 7 SYSTEMPATH\CodeIgniter.php(482): CodeIgniter\CodeIgniter->runController(Object(App\Controllers\Arsip))
 8 SYSTEMPATH\CodeIgniter.php(351): CodeIgniter\CodeIgniter->handleRequest(null, Object(Config\Cache), false)
 9 FCPATH\index.php(67): CodeIgniter\CodeIgniter->run()
10 SYSTEMPATH\Commands\Server\rewrite.php(46): require_once('FCPATH\\index.php')
CRITICAL - 2022-11-06 16:24:27 --> Cannot use object of type stdClass as array
in APPPATH\Views\arsip\edit.php on line 109.
 1 SYSTEMPATH\View\View.php(213): include()
 2 SYSTEMPATH\View\View.php(216): CodeIgniter\View\View->CodeIgniter\View\{closure}()
 3 SYSTEMPATH\Common.php(1134): CodeIgniter\View\View->render('arsip/edit', [], true)
 4 APPPATH\Controllers\Arsip.php(48): view('arsip/edit', [...])
 5 SYSTEMPATH\CodeIgniter.php(927): App\Controllers\Arsip->edit('6')
 6 SYSTEMPATH\CodeIgniter.php(482): CodeIgniter\CodeIgniter->runController(Object(App\Controllers\Arsip))
 7 SYSTEMPATH\CodeIgniter.php(351): CodeIgniter\CodeIgniter->handleRequest(null, Object(Config\Cache), false)
 8 FCPATH\index.php(67): CodeIgniter\CodeIgniter->run()
 9 SYSTEMPATH\Commands\Server\rewrite.php(46): require_once('FCPATH\\index.php')
CRITICAL - 2022-11-06 16:25:20 --> Cannot use object of type stdClass as array
in APPPATH\Controllers\Arsip.php on line 57.
 1 SYSTEMPATH\CodeIgniter.php(927): App\Controllers\Arsip->update('6')
 2 SYSTEMPATH\CodeIgniter.php(482): CodeIgniter\CodeIgniter->runController(Object(App\Controllers\Arsip))
 3 SYSTEMPATH\CodeIgniter.php(351): CodeIgniter\CodeIgniter->handleRequest(null, Object(Config\Cache), false)
 4 FCPATH\index.php(67): CodeIgniter\CodeIgniter->run()
 5 SYSTEMPATH\Commands\Server\rewrite.php(46): require_once('FCPATH\\index.php')
CRITICAL - 2022-11-06 16:25:45 --> 6 is not a valid rule.
in SYSTEMPATH\Validation\Validation.php on line 323.
 1 SYSTEMPATH\Validation\Validation.php(323): CodeIgniter\Validation\Exceptions\ValidationException::forRuleNotFound('6')
 2 SYSTEMPATH\Validation\Validation.php(175): CodeIgniter\Validation\Validation->processRules('id_arsip', 'id_arsip', null, [...], [...])
 3 SYSTEMPATH\Controller.php(140): CodeIgniter\Validation\Validation->run()
 4 APPPATH\Controllers\Arsip.php(64): CodeIgniter\Controller->validate([...])
 5 SYSTEMPATH\CodeIgniter.php(927): App\Controllers\Arsip->update('6')
 6 SYSTEMPATH\CodeIgniter.php(482): CodeIgniter\CodeIgniter->runController(Object(App\Controllers\Arsip))
 7 SYSTEMPATH\CodeIgniter.php(351): CodeIgniter\CodeIgniter->handleRequest(null, Object(Config\Cache), false)
 8 FCPATH\index.php(67): CodeIgniter\CodeIgniter->run()
 9 SYSTEMPATH\Commands\Server\rewrite.php(46): require_once('FCPATH\\index.php')
CRITICAL - 2022-11-06 16:29:50 --> Attempt to read property "nomor_surat" on array
in APPPATH\Controllers\Arsip.php on line 57.
 1 APPPATH\Controllers\Arsip.php(57): CodeIgniter\Debug\Exceptions->errorHandler(2, 'Attempt to read property "nomor_surat" on array', 'APPPATH\\Controllers\\Arsip.php', 57)
 2 SYSTEMPATH\CodeIgniter.php(927): App\Controllers\Arsip->update('6')
 3 SYSTEMPATH\CodeIgniter.php(482): CodeIgniter\CodeIgniter->runController(Object(App\Controllers\Arsip))
 4 SYSTEMPATH\CodeIgniter.php(351): CodeIgniter\CodeIgniter->handleRequest(null, Object(Config\Cache), false)
 5 FCPATH\index.php(67): CodeIgniter\CodeIgniter->run()
 6 SYSTEMPATH\Commands\Server\rewrite.php(46): require_once('FCPATH\\index.php')
CRITICAL - 2022-11-06 16:30:15 --> Undefined array key "nomor_surat"
in APPPATH\Controllers\Arsip.php on line 57.
 1 APPPATH\Controllers\Arsip.php(57): CodeIgniter\Debug\Exceptions->errorHandler(2, 'Undefined array key "nomor_surat"', 'APPPATH\\Controllers\\Arsip.php', 57)
 2 SYSTEMPATH\CodeIgniter.php(927): App\Controllers\Arsip->update('6')
 3 SYSTEMPATH\CodeIgniter.php(482): CodeIgniter\CodeIgniter->runController(Object(App\Controllers\Arsip))
 4 SYSTEMPATH\CodeIgniter.php(351): CodeIgniter\CodeIgniter->handleRequest(null, Object(Config\Cache), false)
 5 FCPATH\index.php(67): CodeIgniter\CodeIgniter->run()
 6 SYSTEMPATH\Commands\Server\rewrite.php(46): require_once('FCPATH\\index.php')
CRITICAL - 2022-11-06 19:23:49 --> 6 is not a valid rule.
in SYSTEMPATH\Validation\Validation.php on line 323.
 1 SYSTEMPATH\Validation\Validation.php(323): CodeIgniter\Validation\Exceptions\ValidationException::forRuleNotFound('6')
 2 SYSTEMPATH\Validation\Validation.php(175): CodeIgniter\Validation\Validation->processRules('id_arsip', 'id_arsip', null, [...], [...])
 3 SYSTEMPATH\Controller.php(140): CodeIgniter\Validation\Validation->run()
 4 APPPATH\Controllers\Arsip.php(62): CodeIgniter\Controller->validate([...])
 5 SYSTEMPATH\CodeIgniter.php(927): App\Controllers\Arsip->update('6')
 6 SYSTEMPATH\CodeIgniter.php(482): CodeIgniter\CodeIgniter->runController(Object(App\Controllers\Arsip))
 7 SYSTEMPATH\CodeIgniter.php(351): CodeIgniter\CodeIgniter->handleRequest(null, Object(Config\Cache), false)
 8 FCPATH\index.php(67): CodeIgniter\CodeIgniter->run()
 9 SYSTEMPATH\Commands\Server\rewrite.php(46): require_once('FCPATH\\index.php')
CRITICAL - 2022-11-06 19:30:04 --> in_array(): Argument #2 ($haystack) must be of type array, null given
in SYSTEMPATH\Validation\Validation.php on line 219.
 1 SYSTEMPATH\Validation\Validation.php(219): in_array('if_exist', null, true)
 2 SYSTEMPATH\Validation\Validation.php(175): CodeIgniter\Validation\Validation->processRules('id_arsip', 'id_arsip', null, null, [...])
 3 SYSTEMPATH\Controller.php(140): CodeIgniter\Validation\Validation->run()
 4 APPPATH\Controllers\Arsip.php(62): CodeIgniter\Controller->validate([...])
 5 SYSTEMPATH\CodeIgniter.php(927): App\Controllers\Arsip->update('6')
 6 SYSTEMPATH\CodeIgniter.php(482): CodeIgniter\CodeIgniter->runController(Object(App\Controllers\Arsip))
 7 SYSTEMPATH\CodeIgniter.php(351): CodeIgniter\CodeIgniter->handleRequest(null, Object(Config\Cache), false)
 8 FCPATH\index.php(67): CodeIgniter\CodeIgniter->run()
 9 SYSTEMPATH\Commands\Server\rewrite.php(46): require_once('FCPATH\\index.php')
CRITICAL - 2022-11-06 19:34:39 --> Undefined variable $validation
in APPPATH\Views\arsip\edit.php on line 116.
 1 APPPATH\Views\arsip\edit.php(116): CodeIgniter\Debug\Exceptions->errorHandler(2, 'Undefined variable $validation', 'APPPATH\\Views\\arsip\\edit.php', 116)
 2 SYSTEMPATH\View\View.php(213): include('APPPATH\\Views\\arsip\\edit.php')
 3 SYSTEMPATH\View\View.php(216): CodeIgniter\View\View->CodeIgniter\View\{closure}()
 4 SYSTEMPATH\Common.php(1134): CodeIgniter\View\View->render('arsip/edit', [], true)
 5 APPPATH\Controllers\Arsip.php(48): view('arsip/edit', [...])
 6 SYSTEMPATH\CodeIgniter.php(927): App\Controllers\Arsip->edit('6')
 7 SYSTEMPATH\CodeIgniter.php(482): CodeIgniter\CodeIgniter->runController(Object(App\Controllers\Arsip))
 8 SYSTEMPATH\CodeIgniter.php(351): CodeIgniter\CodeIgniter->handleRequest(null, Object(Config\Cache), false)
 9 FCPATH\index.php(67): CodeIgniter\CodeIgniter->run()
10 SYSTEMPATH\Commands\Server\rewrite.php(46): require_once('FCPATH\\index.php')
CRITICAL - 2022-11-06 20:05:23 --> Invalid file: App\Views\layout\pagination_data.php
in SYSTEMPATH\Exceptions\FrameworkException.php on line 33.
 1 SYSTEMPATH\View\View.php(201): CodeIgniter\Exceptions\FrameworkException::forInvalidFile('App\\Views\\layout\\pagination_data.php')
 2 SYSTEMPATH\Pager\Pager.php(126): CodeIgniter\View\View->render('App\\Views\\layout\\pagination_data', null, false)
 3 SYSTEMPATH\Pager\Pager.php(83): CodeIgniter\Pager\Pager->displayLinks('arsip', 'pagination_data')
 4 APPPATH\Views\arsip\dashboard.php(134): CodeIgniter\Pager\Pager->links('arsip', 'pagination_data')
 5 SYSTEMPATH\View\View.php(213): include('APPPATH\\Views\\arsip\\dashboard.php')
 6 SYSTEMPATH\View\View.php(216): CodeIgniter\View\View->CodeIgniter\View\{closure}()
 7 SYSTEMPATH\Common.php(1134): CodeIgniter\View\View->render('arsip/dashboard', [], true)
 8 APPPATH\Controllers\Arsip.php(36): view('arsip/dashboard', [...])
 9 SYSTEMPATH\CodeIgniter.php(927): App\Controllers\Arsip->dashboard()
10 SYSTEMPATH\CodeIgniter.php(482): CodeIgniter\CodeIgniter->runController(Object(App\Controllers\Arsip))
11 SYSTEMPATH\CodeIgniter.php(351): CodeIgniter\CodeIgniter->handleRequest(null, Object(Config\Cache), false)
12 FCPATH\index.php(67): CodeIgniter\CodeIgniter->run()
13 SYSTEMPATH\Commands\Server\rewrite.php(46): require_once('FCPATH\\index.php')
CRITICAL - 2022-11-06 20:06:42 --> Invalid file: App\Views\layout\pagination_data.php
in SYSTEMPATH\Exceptions\FrameworkException.php on line 33.
 1 SYSTEMPATH\View\View.php(201): CodeIgniter\Exceptions\FrameworkException::forInvalidFile('App\\Views\\layout\\pagination_data.php')
 2 SYSTEMPATH\Pager\Pager.php(126): CodeIgniter\View\View->render('App\\Views\\layout\\pagination_data', null, false)
 3 SYSTEMPATH\Pager\Pager.php(83): CodeIgniter\Pager\Pager->displayLinks('arsip', 'pagination_data')
 4 APPPATH\Views\arsip\dashboard.php(134): CodeIgniter\Pager\Pager->links('arsip', 'pagination_data')
 5 SYSTEMPATH\View\View.php(213): include('APPPATH\\Views\\arsip\\dashboard.php')
 6 SYSTEMPATH\View\View.php(216): CodeIgniter\View\View->CodeIgniter\View\{closure}()
 7 SYSTEMPATH\Common.php(1134): CodeIgniter\View\View->render('arsip/dashboard', [], true)
 8 APPPATH\Controllers\Arsip.php(36): view('arsip/dashboard', [...])
 9 SYSTEMPATH\CodeIgniter.php(927): App\Controllers\Arsip->dashboard()
10 SYSTEMPATH\CodeIgniter.php(482): CodeIgniter\CodeIgniter->runController(Object(App\Controllers\Arsip))
11 SYSTEMPATH\CodeIgniter.php(351): CodeIgniter\CodeIgniter->handleRequest(null, Object(Config\Cache), false)
12 FCPATH\index.php(67): CodeIgniter\CodeIgniter->run()
13 SYSTEMPATH\Commands\Server\rewrite.php(46): require_once('FCPATH\\index.php')
CRITICAL - 2022-11-06 20:12:58 --> Invalid file: App\Views\pagers\pagination_data.php
in SYSTEMPATH\Exceptions\FrameworkException.php on line 33.
 1 SYSTEMPATH\View\View.php(201): CodeIgniter\Exceptions\FrameworkException::forInvalidFile('App\\Views\\pagers\\pagination_data.php')
 2 SYSTEMPATH\Pager\Pager.php(126): CodeIgniter\View\View->render('App\\Views\\pagers\\pagination_data', null, false)
 3 SYSTEMPATH\Pager\Pager.php(83): CodeIgniter\Pager\Pager->displayLinks('arsip', 'pagination_data')
 4 APPPATH\Views\arsip\dashboard.php(134): CodeIgniter\Pager\Pager->links('arsip', 'pagination_data')
 5 SYSTEMPATH\View\View.php(213): include('APPPATH\\Views\\arsip\\dashboard.php')
 6 SYSTEMPATH\View\View.php(216): CodeIgniter\View\View->CodeIgniter\View\{closure}()
 7 SYSTEMPATH\Common.php(1134): CodeIgniter\View\View->render('arsip/dashboard', [], true)
 8 APPPATH\Controllers\Arsip.php(36): view('arsip/dashboard', [...])
 9 SYSTEMPATH\CodeIgniter.php(927): App\Controllers\Arsip->dashboard()
10 SYSTEMPATH\CodeIgniter.php(482): CodeIgniter\CodeIgniter->runController(Object(App\Controllers\Arsip))
11 SYSTEMPATH\CodeIgniter.php(351): CodeIgniter\CodeIgniter->handleRequest(null, Object(Config\Cache), false)
12 FCPATH\index.php(67): CodeIgniter\CodeIgniter->run()
13 SYSTEMPATH\Commands\Server\rewrite.php(46): require_once('FCPATH\\index.php')
CRITICAL - 2022-11-06 20:13:26 --> Invalid file: app\Views\pagers\pagination_data.php
in SYSTEMPATH\Exceptions\FrameworkException.php on line 33.
 1 SYSTEMPATH\View\View.php(201): CodeIgniter\Exceptions\FrameworkException::forInvalidFile('app\\Views\\pagers\\pagination_data.php')
 2 SYSTEMPATH\Pager\Pager.php(126): CodeIgniter\View\View->render('app\\Views\\pagers\\pagination_data', null, false)
 3 SYSTEMPATH\Pager\Pager.php(83): CodeIgniter\Pager\Pager->displayLinks('arsip', 'pagination_data')
 4 APPPATH\Views\arsip\dashboard.php(134): CodeIgniter\Pager\Pager->links('arsip', 'pagination_data')
 5 SYSTEMPATH\View\View.php(213): include('APPPATH\\Views\\arsip\\dashboard.php')
 6 SYSTEMPATH\View\View.php(216): CodeIgniter\View\View->CodeIgniter\View\{closure}()
 7 SYSTEMPATH\Common.php(1134): CodeIgniter\View\View->render('arsip/dashboard', [], true)
 8 APPPATH\Controllers\Arsip.php(36): view('arsip/dashboard', [...])
 9 SYSTEMPATH\CodeIgniter.php(927): App\Controllers\Arsip->dashboard()
10 SYSTEMPATH\CodeIgniter.php(482): CodeIgniter\CodeIgniter->runController(Object(App\Controllers\Arsip))
11 SYSTEMPATH\CodeIgniter.php(351): CodeIgniter\CodeIgniter->handleRequest(null, Object(Config\Cache), false)
12 FCPATH\index.php(67): CodeIgniter\CodeIgniter->run()
13 SYSTEMPATH\Commands\Server\rewrite.php(46): require_once('FCPATH\\index.php')
CRITICAL - 2022-11-06 20:13:29 --> Invalid file: app\Views\pagers\pagination_data.php
in SYSTEMPATH\Exceptions\FrameworkException.php on line 33.
 1 SYSTEMPATH\View\View.php(201): CodeIgniter\Exceptions\FrameworkException::forInvalidFile('app\\Views\\pagers\\pagination_data.php')
 2 SYSTEMPATH\Pager\Pager.php(126): CodeIgniter\View\View->render('app\\Views\\pagers\\pagination_data', null, false)
 3 SYSTEMPATH\Pager\Pager.php(83): CodeIgniter\Pager\Pager->displayLinks('arsip', 'pagination_data')
 4 APPPATH\Views\arsip\dashboard.php(134): CodeIgniter\Pager\Pager->links('arsip', 'pagination_data')
 5 SYSTEMPATH\View\View.php(213): include('APPPATH\\Views\\arsip\\dashboard.php')
 6 SYSTEMPATH\View\View.php(216): CodeIgniter\View\View->CodeIgniter\View\{closure}()
 7 SYSTEMPATH\Common.php(1134): CodeIgniter\View\View->render('arsip/dashboard', [], true)
 8 APPPATH\Controllers\Arsip.php(36): view('arsip/dashboard', [...])
 9 SYSTEMPATH\CodeIgniter.php(927): App\Controllers\Arsip->dashboard()
10 SYSTEMPATH\CodeIgniter.php(482): CodeIgniter\CodeIgniter->runController(Object(App\Controllers\Arsip))
11 SYSTEMPATH\CodeIgniter.php(351): CodeIgniter\CodeIgniter->handleRequest(null, Object(Config\Cache), false)
12 FCPATH\index.php(67): CodeIgniter\CodeIgniter->run()
13 SYSTEMPATH\Commands\Server\rewrite.php(46): require_once('FCPATH\\index.php')
CRITICAL - 2022-11-06 20:14:36 --> Invalid file: app\Views\pagers\pagination_data.php
in SYSTEMPATH\Exceptions\FrameworkException.php on line 33.
 1 SYSTEMPATH\View\View.php(201): CodeIgniter\Exceptions\FrameworkException::forInvalidFile('app\\Views\\pagers\\pagination_data.php')
 2 SYSTEMPATH\Pager\Pager.php(126): CodeIgniter\View\View->render('app\\Views\\pagers\\pagination_data', null, false)
 3 SYSTEMPATH\Pager\Pager.php(83): CodeIgniter\Pager\Pager->displayLinks('arsip', 'pagination_data')
 4 APPPATH\Views\arsip\dashboard.php(134): CodeIgniter\Pager\Pager->links('arsip', 'pagination_data')
 5 SYSTEMPATH\View\View.php(213): include('APPPATH\\Views\\arsip\\dashboard.php')
 6 SYSTEMPATH\View\View.php(216): CodeIgniter\View\View->CodeIgniter\View\{closure}()
 7 SYSTEMPATH\Common.php(1134): CodeIgniter\View\View->render('arsip/dashboard', [], true)
 8 APPPATH\Controllers\Arsip.php(36): view('arsip/dashboard', [...])
 9 SYSTEMPATH\CodeIgniter.php(927): App\Controllers\Arsip->dashboard()
10 SYSTEMPATH\CodeIgniter.php(482): CodeIgniter\CodeIgniter->runController(Object(App\Controllers\Arsip))
11 SYSTEMPATH\CodeIgniter.php(351): CodeIgniter\CodeIgniter->handleRequest(null, Object(Config\Cache), false)
12 FCPATH\index.php(67): CodeIgniter\CodeIgniter->run()
13 SYSTEMPATH\Commands\Server\rewrite.php(46): require_once('FCPATH\\index.php')
CRITICAL - 2022-11-06 20:15:54 --> Invalid file: app/Views/pagers/pagination_data.php
in SYSTEMPATH\Exceptions\FrameworkException.php on line 33.
 1 SYSTEMPATH\View\View.php(201): CodeIgniter\Exceptions\FrameworkException::forInvalidFile('app/Views/pagers/pagination_data.php')
 2 SYSTEMPATH\Pager\Pager.php(126): CodeIgniter\View\View->render('app/Views/pagers/pagination_data', null, false)
 3 SYSTEMPATH\Pager\Pager.php(83): CodeIgniter\Pager\Pager->displayLinks('arsip', 'pagination_data')
 4 APPPATH\Views\arsip\dashboard.php(134): CodeIgniter\Pager\Pager->links('arsip', 'pagination_data')
 5 SYSTEMPATH\View\View.php(213): include('APPPATH\\Views\\arsip\\dashboard.php')
 6 SYSTEMPATH\View\View.php(216): CodeIgniter\View\View->CodeIgniter\View\{closure}()
 7 SYSTEMPATH\Common.php(1134): CodeIgniter\View\View->render('arsip/dashboard', [], true)
 8 APPPATH\Controllers\Arsip.php(36): view('arsip/dashboard', [...])
 9 SYSTEMPATH\CodeIgniter.php(927): App\Controllers\Arsip->dashboard()
10 SYSTEMPATH\CodeIgniter.php(482): CodeIgniter\CodeIgniter->runController(Object(App\Controllers\Arsip))
11 SYSTEMPATH\CodeIgniter.php(351): CodeIgniter\CodeIgniter->handleRequest(null, Object(Config\Cache), false)
12 FCPATH\index.php(67): CodeIgniter\CodeIgniter->run()
13 SYSTEMPATH\Commands\Server\rewrite.php(46): require_once('FCPATH\\index.php')
CRITICAL - 2022-11-06 20:17:04 --> Invalid file: App\Views\Pagers\pagination_data.php
in SYSTEMPATH\Exceptions\FrameworkException.php on line 33.
 1 SYSTEMPATH\View\View.php(201): CodeIgniter\Exceptions\FrameworkException::forInvalidFile('App\\Views\\Pagers\\pagination_data.php')
 2 SYSTEMPATH\Pager\Pager.php(126): CodeIgniter\View\View->render('App\\Views\\Pagers\\pagination_data', null, false)
 3 SYSTEMPATH\Pager\Pager.php(83): CodeIgniter\Pager\Pager->displayLinks('arsip', 'pagination_data')
 4 APPPATH\Views\arsip\dashboard.php(134): CodeIgniter\Pager\Pager->links('arsip', 'pagination_data')
 5 SYSTEMPATH\View\View.php(213): include('APPPATH\\Views\\arsip\\dashboard.php')
 6 SYSTEMPATH\View\View.php(216): CodeIgniter\View\View->CodeIgniter\View\{closure}()
 7 SYSTEMPATH\Common.php(1134): CodeIgniter\View\View->render('arsip/dashboard', [], true)
 8 APPPATH\Controllers\Arsip.php(36): view('arsip/dashboard', [...])
 9 SYSTEMPATH\CodeIgniter.php(927): App\Controllers\Arsip->dashboard()
10 SYSTEMPATH\CodeIgniter.php(482): CodeIgniter\CodeIgniter->runController(Object(App\Controllers\Arsip))
11 SYSTEMPATH\CodeIgniter.php(351): CodeIgniter\CodeIgniter->handleRequest(null, Object(Config\Cache), false)
12 FCPATH\index.php(67): CodeIgniter\CodeIgniter->run()
13 SYSTEMPATH\Commands\Server\rewrite.php(46): require_once('FCPATH\\index.php')
CRITICAL - 2022-11-06 20:36:07 --> Invalid file: App\Views\Pagers\pagination_data.php
in SYSTEMPATH\Exceptions\FrameworkException.php on line 33.
 1 SYSTEMPATH\View\View.php(201): CodeIgniter\Exceptions\FrameworkException::forInvalidFile('App\\Views\\Pagers\\pagination_data.php')
 2 SYSTEMPATH\Pager\Pager.php(126): CodeIgniter\View\View->render('App\\Views\\Pagers\\pagination_data', null, false)
 3 SYSTEMPATH\Pager\Pager.php(83): CodeIgniter\Pager\Pager->displayLinks('arsip', 'pagination_data')
 4 APPPATH\Views\arsip\dashboard.php(134): CodeIgniter\Pager\Pager->links('arsip', 'pagination_data')
 5 SYSTEMPATH\View\View.php(213): include('APPPATH\\Views\\arsip\\dashboard.php')
 6 SYSTEMPATH\View\View.php(216): CodeIgniter\View\View->CodeIgniter\View\{closure}()
 7 SYSTEMPATH\Common.php(1134): CodeIgniter\View\View->render('arsip/dashboard', [], true)
 8 APPPATH\Controllers\Arsip.php(36): view('arsip/dashboard', [...])
 9 SYSTEMPATH\CodeIgniter.php(927): App\Controllers\Arsip->dashboard()
10 SYSTEMPATH\CodeIgniter.php(482): CodeIgniter\CodeIgniter->runController(Object(App\Controllers\Arsip))
11 SYSTEMPATH\CodeIgniter.php(351): CodeIgniter\CodeIgniter->handleRequest(null, Object(Config\Cache), false)
12 FCPATH\index.php(67): CodeIgniter\CodeIgniter->run()
13 SYSTEMPATH\Commands\Server\rewrite.php(46): require_once('FCPATH\\index.php')
CRITICAL - 2022-11-06 20:37:02 --> Invalid file: App\Views\Pagers\pagination_data.php
in SYSTEMPATH\Exceptions\FrameworkException.php on line 33.
 1 SYSTEMPATH\View\View.php(201): CodeIgniter\Exceptions\FrameworkException::forInvalidFile('App\\Views\\Pagers\\pagination_data.php')
 2 SYSTEMPATH\Pager\Pager.php(126): CodeIgniter\View\View->render('App\\Views\\Pagers\\pagination_data', null, false)
 3 SYSTEMPATH\Pager\Pager.php(83): CodeIgniter\Pager\Pager->displayLinks('arsip', 'pagination_data')
 4 APPPATH\Views\arsip\dashboard.php(134): CodeIgniter\Pager\Pager->links('arsip', 'pagination_data')
 5 SYSTEMPATH\View\View.php(213): include('APPPATH\\Views\\arsip\\dashboard.php')
 6 SYSTEMPATH\View\View.php(216): CodeIgniter\View\View->CodeIgniter\View\{closure}()
 7 SYSTEMPATH\Common.php(1134): CodeIgniter\View\View->render('arsip/dashboard', [], true)
 8 APPPATH\Controllers\Arsip.php(36): view('arsip/dashboard', [...])
 9 SYSTEMPATH\CodeIgniter.php(927): App\Controllers\Arsip->dashboard()
10 SYSTEMPATH\CodeIgniter.php(482): CodeIgniter\CodeIgniter->runController(Object(App\Controllers\Arsip))
11 SYSTEMPATH\CodeIgniter.php(351): CodeIgniter\CodeIgniter->handleRequest(null, Object(Config\Cache), false)
12 FCPATH\index.php(67): CodeIgniter\CodeIgniter->run()
13 SYSTEMPATH\Commands\Server\rewrite.php(46): require_once('FCPATH\\index.php')
CRITICAL - 2022-11-06 20:38:56 --> Invalid file: App\Views\pagers\pagination_data.php
in SYSTEMPATH\Exceptions\FrameworkException.php on line 33.
 1 SYSTEMPATH\View\View.php(201): CodeIgniter\Exceptions\FrameworkException::forInvalidFile('App\\Views\\pagers\\pagination_data.php')
 2 SYSTEMPATH\Pager\Pager.php(126): CodeIgniter\View\View->render('App\\Views\\pagers\\pagination_data', null, false)
 3 SYSTEMPATH\Pager\Pager.php(83): CodeIgniter\Pager\Pager->displayLinks('arsip', 'pagination_data')
 4 APPPATH\Views\arsip\dashboard.php(134): CodeIgniter\Pager\Pager->links('arsip', 'pagination_data')
 5 SYSTEMPATH\View\View.php(213): include('APPPATH\\Views\\arsip\\dashboard.php')
 6 SYSTEMPATH\View\View.php(216): CodeIgniter\View\View->CodeIgniter\View\{closure}()
 7 SYSTEMPATH\Common.php(1134): CodeIgniter\View\View->render('arsip/dashboard', [], true)
 8 APPPATH\Controllers\Arsip.php(36): view('arsip/dashboard', [...])
 9 SYSTEMPATH\CodeIgniter.php(927): App\Controllers\Arsip->dashboard()
10 SYSTEMPATH\CodeIgniter.php(482): CodeIgniter\CodeIgniter->runController(Object(App\Controllers\Arsip))
11 SYSTEMPATH\CodeIgniter.php(351): CodeIgniter\CodeIgniter->handleRequest(null, Object(Config\Cache), false)
12 FCPATH\index.php(67): CodeIgniter\CodeIgniter->run()
13 SYSTEMPATH\Commands\Server\rewrite.php(46): require_once('FCPATH\\index.php')
CRITICAL - 2022-11-06 20:43:42 --> Invalid file: \App\Views\pagers\pagination_data.php
in SYSTEMPATH\Exceptions\FrameworkException.php on line 33.
 1 SYSTEMPATH\View\View.php(201): CodeIgniter\Exceptions\FrameworkException::forInvalidFile('\\App\\Views\\pagers\\pagination_data.php')
 2 SYSTEMPATH\Pager\Pager.php(126): CodeIgniter\View\View->render('\\App\\Views\\pagers\\pagination_data', null, false)
 3 SYSTEMPATH\Pager\Pager.php(83): CodeIgniter\Pager\Pager->displayLinks('arsip', 'pagination_data')
 4 APPPATH\Views\arsip\dashboard.php(134): CodeIgniter\Pager\Pager->links('arsip', 'pagination_data')
 5 SYSTEMPATH\View\View.php(213): include('APPPATH\\Views\\arsip\\dashboard.php')
 6 SYSTEMPATH\View\View.php(216): CodeIgniter\View\View->CodeIgniter\View\{closure}()
 7 SYSTEMPATH\Common.php(1134): CodeIgniter\View\View->render('arsip/dashboard', [], true)
 8 APPPATH\Controllers\Arsip.php(36): view('arsip/dashboard', [...])
 9 SYSTEMPATH\CodeIgniter.php(927): App\Controllers\Arsip->dashboard()
10 SYSTEMPATH\CodeIgniter.php(482): CodeIgniter\CodeIgniter->runController(Object(App\Controllers\Arsip))
11 SYSTEMPATH\CodeIgniter.php(351): CodeIgniter\CodeIgniter->handleRequest(null, Object(Config\Cache), false)
12 FCPATH\index.php(67): CodeIgniter\CodeIgniter->run()
13 SYSTEMPATH\Commands\Server\rewrite.php(46): require_once('FCPATH\\index.php')
