CRITICAL - 2022-11-05 23:33:39 --> Call to undefined method App\Models\ArsipModel::detail_data
in SYSTEMPATH\Model.php on line 774.
 1 APPPATH\Controllers\Arsip.php(116): CodeIgniter\Model->__call('detail_data', [...])
 2 SYSTEMPATH\CodeIgniter.php(927): App\Controllers\Arsip->preview('3')
 3 SYSTEMPATH\CodeIgniter.php(482): CodeIgniter\CodeIgniter->runController(Object(App\Controllers\Arsip))
 4 SYSTEMPATH\CodeIgniter.php(351): CodeIgniter\CodeIgniter->handleRequest(null, Object(Config\Cache), false)
 5 FCPATH\index.php(67): CodeIgniter\CodeIgniter->run()
 6 SYSTEMPATH\Commands\Server\rewrite.php(46): require_once('FCPATH\\index.php')
CRITICAL - 2022-11-05 23:56:06 --> Too few arguments to function App\Controllers\Arsip::preview(), 0 passed in C:\xampp\htdocs\project_arsip\system\CodeIgniter.php on line 927 and exactly 1 expected
in APPPATH\Controllers\Arsip.php on line 113.
 1 SYSTEMPATH\CodeIgniter.php(927): App\Controllers\Arsip->preview()
 2 SYSTEMPATH\CodeIgniter.php(482): CodeIgniter\CodeIgniter->runController(Object(App\Controllers\Arsip))
 3 SYSTEMPATH\CodeIgniter.php(351): CodeIgniter\CodeIgniter->handleRequest(null, Object(Config\Cache), false)
 4 FCPATH\index.php(67): CodeIgniter\CodeIgniter->run()
 5 SYSTEMPATH\Commands\Server\rewrite.php(46): require_once('FCPATH\\index.php')
CRITICAL - 2022-11-05 23:57:17 --> Attempt to read property "nomor_surat" on array
in APPPATH\Views\arsip\preview.php on line 73.
 1 APPPATH\Views\arsip\preview.php(73): CodeIgniter\Debug\Exceptions->errorHandler(2, 'Attempt to read property "nomor_surat" on array', 'APPPATH\\Views\\arsip\\preview.php', 73)
 2 SYSTEMPATH\View\View.php(213): include('APPPATH\\Views\\arsip\\preview.php')
 3 SYSTEMPATH\View\View.php(216): CodeIgniter\View\View->CodeIgniter\View\{closure}()
 4 SYSTEMPATH\Common.php(1134): CodeIgniter\View\View->render('arsip/preview', [], true)
 5 APPPATH\Controllers\Arsip.php(123): view('arsip/preview', [...])
 6 SYSTEMPATH\CodeIgniter.php(927): App\Controllers\Arsip->preview('3')
 7 SYSTEMPATH\CodeIgniter.php(482): CodeIgniter\CodeIgniter->runController(Object(App\Controllers\Arsip))
 8 SYSTEMPATH\CodeIgniter.php(351): CodeIgniter\CodeIgniter->handleRequest(null, Object(Config\Cache), false)
 9 FCPATH\index.php(67): CodeIgniter\CodeIgniter->run()
10 SYSTEMPATH\Commands\Server\rewrite.php(46): require_once('FCPATH\\index.php')
CRITICAL - 2022-11-05 23:57:41 --> Attempt to read property "kategori" on array
in APPPATH\Views\arsip\preview.php on line 74.
 1 APPPATH\Views\arsip\preview.php(74): CodeIgniter\Debug\Exceptions->errorHandler(2, 'Attempt to read property "kategori" on array', 'APPPATH\\Views\\arsip\\preview.php', 74)
 2 SYSTEMPATH\View\View.php(213): include('APPPATH\\Views\\arsip\\preview.php')
 3 SYSTEMPATH\View\View.php(216): CodeIgniter\View\View->CodeIgniter\View\{closure}()
 4 SYSTEMPATH\Common.php(1134): CodeIgniter\View\View->render('arsip/preview', [], true)
 5 APPPATH\Controllers\Arsip.php(123): view('arsip/preview', [...])
 6 SYSTEMPATH\CodeIgniter.php(927): App\Controllers\Arsip->preview('3')
 7 SYSTEMPATH\CodeIgniter.php(482): CodeIgniter\CodeIgniter->runController(Object(App\Controllers\Arsip))
 8 SYSTEMPATH\CodeIgniter.php(351): CodeIgniter\CodeIgniter->handleRequest(null, Object(Config\Cache), false)
 9 FCPATH\index.php(67): CodeIgniter\CodeIgniter->run()
10 SYSTEMPATH\Commands\Server\rewrite.php(46): require_once('FCPATH\\index.php')
