CRITICAL - 2022-11-07 00:03:21 --> Cannot redeclare user() (previously declared in C:\xampp\htdocs\project_arsip\vendor\myth\auth\src\Helpers\auth_helper.php:25)
in APPPATH\Helpers\custom_helper.php on line 5.
 1 [internal function]: CodeIgniter\Debug\Exceptions->shutdownHandler()
CRITICAL - 2022-11-07 00:04:20 --> Attempt to read property "username" on null
in APPPATH\Views\arsip\dashboard.php on line 38.
 1 APPPATH\Views\arsip\dashboard.php(38): CodeIgniter\Debug\Exceptions->errorHandler(2, 'Attempt to read property "username" on null', 'APPPATH\\Views\\arsip\\dashboard.php', 38)
 2 SYSTEMPATH\View\View.php(213): include('APPPATH\\Views\\arsip\\dashboard.php')
 3 SYSTEMPATH\View\View.php(216): CodeIgniter\View\View->CodeIgniter\View\{closure}()
 4 SYSTEMPATH\Common.php(1134): CodeIgniter\View\View->render('arsip/dashboard', [], true)
 5 APPPATH\Controllers\Arsip.php(44): view('arsip/dashboard', [...])
 6 SYSTEMPATH\CodeIgniter.php(927): App\Controllers\Arsip->dashboard()
 7 SYSTEMPATH\CodeIgniter.php(482): CodeIgniter\CodeIgniter->runController(Object(App\Controllers\Arsip))
 8 SYSTEMPATH\CodeIgniter.php(351): CodeIgniter\CodeIgniter->handleRequest(null, Object(Config\Cache), false)
 9 FCPATH\index.php(67): CodeIgniter\CodeIgniter->run()
10 SYSTEMPATH\Commands\Server\rewrite.php(46): require_once('FCPATH\\index.php')
CRITICAL - 2022-11-07 00:06:17 --> Attempt to read property "username" on null
in APPPATH\Views\arsip\dashboard.php on line 38.
 1 APPPATH\Views\arsip\dashboard.php(38): CodeIgniter\Debug\Exceptions->errorHandler(2, 'Attempt to read property "username" on null', 'APPPATH\\Views\\arsip\\dashboard.php', 38)
 2 SYSTEMPATH\View\View.php(213): include('APPPATH\\Views\\arsip\\dashboard.php')
 3 SYSTEMPATH\View\View.php(216): CodeIgniter\View\View->CodeIgniter\View\{closure}()
 4 SYSTEMPATH\Common.php(1134): CodeIgniter\View\View->render('arsip/dashboard', [], true)
 5 APPPATH\Controllers\Arsip.php(44): view('arsip/dashboard', [...])
 6 SYSTEMPATH\CodeIgniter.php(927): App\Controllers\Arsip->dashboard()
 7 SYSTEMPATH\CodeIgniter.php(482): CodeIgniter\CodeIgniter->runController(Object(App\Controllers\Arsip))
 8 SYSTEMPATH\CodeIgniter.php(351): CodeIgniter\CodeIgniter->handleRequest(null, Object(Config\Cache), false)
 9 FCPATH\index.php(67): CodeIgniter\CodeIgniter->run()
10 SYSTEMPATH\Commands\Server\rewrite.php(46): require_once('FCPATH\\index.php')
CRITICAL - 2022-11-07 00:06:40 --> Trying to access array offset on value of type null
in APPPATH\Views\arsip\dashboard.php on line 38.
 1 APPPATH\Views\arsip\dashboard.php(38): CodeIgniter\Debug\Exceptions->errorHandler(2, 'Trying to access array offset on value of type null', 'APPPATH\\Views\\arsip\\dashboard.php', 38)
 2 SYSTEMPATH\View\View.php(213): include('APPPATH\\Views\\arsip\\dashboard.php')
 3 SYSTEMPATH\View\View.php(216): CodeIgniter\View\View->CodeIgniter\View\{closure}()
 4 SYSTEMPATH\Common.php(1134): CodeIgniter\View\View->render('arsip/dashboard', [], true)
 5 APPPATH\Controllers\Arsip.php(44): view('arsip/dashboard', [...])
 6 SYSTEMPATH\CodeIgniter.php(927): App\Controllers\Arsip->dashboard()
 7 SYSTEMPATH\CodeIgniter.php(482): CodeIgniter\CodeIgniter->runController(Object(App\Controllers\Arsip))
 8 SYSTEMPATH\CodeIgniter.php(351): CodeIgniter\CodeIgniter->handleRequest(null, Object(Config\Cache), false)
 9 FCPATH\index.php(67): CodeIgniter\CodeIgniter->run()
10 SYSTEMPATH\Commands\Server\rewrite.php(46): require_once('FCPATH\\index.php')
CRITICAL - 2022-11-07 00:07:20 --> Attempt to read property "username" on null
in APPPATH\Views\arsip\dashboard.php on line 38.
 1 APPPATH\Views\arsip\dashboard.php(38): CodeIgniter\Debug\Exceptions->errorHandler(2, 'Attempt to read property "username" on null', 'APPPATH\\Views\\arsip\\dashboard.php', 38)
 2 SYSTEMPATH\View\View.php(213): include('APPPATH\\Views\\arsip\\dashboard.php')
 3 SYSTEMPATH\View\View.php(216): CodeIgniter\View\View->CodeIgniter\View\{closure}()
 4 SYSTEMPATH\Common.php(1134): CodeIgniter\View\View->render('arsip/dashboard', [], true)
 5 APPPATH\Controllers\Arsip.php(44): view('arsip/dashboard', [...])
 6 SYSTEMPATH\CodeIgniter.php(927): App\Controllers\Arsip->dashboard()
 7 SYSTEMPATH\CodeIgniter.php(482): CodeIgniter\CodeIgniter->runController(Object(App\Controllers\Arsip))
 8 SYSTEMPATH\CodeIgniter.php(351): CodeIgniter\CodeIgniter->handleRequest(null, Object(Config\Cache), false)
 9 FCPATH\index.php(67): CodeIgniter\CodeIgniter->run()
10 SYSTEMPATH\Commands\Server\rewrite.php(46): require_once('FCPATH\\index.php')
CRITICAL - 2022-11-07 00:10:28 --> Attempt to read property "username" on null
in APPPATH\Views\arsip\dashboard.php on line 38.
 1 APPPATH\Views\arsip\dashboard.php(38): CodeIgniter\Debug\Exceptions->errorHandler(2, 'Attempt to read property "username" on null', 'APPPATH\\Views\\arsip\\dashboard.php', 38)
 2 SYSTEMPATH\View\View.php(213): include('APPPATH\\Views\\arsip\\dashboard.php')
 3 SYSTEMPATH\View\View.php(216): CodeIgniter\View\View->CodeIgniter\View\{closure}()
 4 SYSTEMPATH\Common.php(1134): CodeIgniter\View\View->render('arsip/dashboard', [], true)
 5 APPPATH\Controllers\Arsip.php(44): view('arsip/dashboard', [...])
 6 SYSTEMPATH\CodeIgniter.php(927): App\Controllers\Arsip->dashboard()
 7 SYSTEMPATH\CodeIgniter.php(482): CodeIgniter\CodeIgniter->runController(Object(App\Controllers\Arsip))
 8 SYSTEMPATH\CodeIgniter.php(351): CodeIgniter\CodeIgniter->handleRequest(null, Object(Config\Cache), false)
 9 FCPATH\index.php(67): CodeIgniter\CodeIgniter->run()
10 SYSTEMPATH\Commands\Server\rewrite.php(46): require_once('FCPATH\\index.php')
CRITICAL - 2022-11-07 00:10:46 --> Attempt to read property "username" on null
in APPPATH\Views\arsip\dashboard.php on line 38.
 1 APPPATH\Views\arsip\dashboard.php(38): CodeIgniter\Debug\Exceptions->errorHandler(2, 'Attempt to read property "username" on null', 'APPPATH\\Views\\arsip\\dashboard.php', 38)
 2 SYSTEMPATH\View\View.php(213): include('APPPATH\\Views\\arsip\\dashboard.php')
 3 SYSTEMPATH\View\View.php(216): CodeIgniter\View\View->CodeIgniter\View\{closure}()
 4 SYSTEMPATH\Common.php(1134): CodeIgniter\View\View->render('arsip/dashboard', [], true)
 5 APPPATH\Controllers\Arsip.php(44): view('arsip/dashboard', [...])
 6 SYSTEMPATH\CodeIgniter.php(927): App\Controllers\Arsip->dashboard()
 7 SYSTEMPATH\CodeIgniter.php(482): CodeIgniter\CodeIgniter->runController(Object(App\Controllers\Arsip))
 8 SYSTEMPATH\CodeIgniter.php(351): CodeIgniter\CodeIgniter->handleRequest(null, Object(Config\Cache), false)
 9 FCPATH\index.php(67): CodeIgniter\CodeIgniter->run()
10 SYSTEMPATH\Commands\Server\rewrite.php(46): require_once('FCPATH\\index.php')
CRITICAL - 2022-11-07 00:22:42 --> Undefined variable $session
in APPPATH\Views\arsip\dashboard.php on line 38.
 1 APPPATH\Views\arsip\dashboard.php(38): CodeIgniter\Debug\Exceptions->errorHandler(2, 'Undefined variable $session', 'APPPATH\\Views\\arsip\\dashboard.php', 38)
 2 SYSTEMPATH\View\View.php(213): include('APPPATH\\Views\\arsip\\dashboard.php')
 3 SYSTEMPATH\View\View.php(216): CodeIgniter\View\View->CodeIgniter\View\{closure}()
 4 SYSTEMPATH\Common.php(1134): CodeIgniter\View\View->render('arsip/dashboard', [], true)
 5 APPPATH\Controllers\Arsip.php(35): view('arsip/dashboard', [...])
 6 SYSTEMPATH\CodeIgniter.php(927): App\Controllers\Arsip->dashboard()
 7 SYSTEMPATH\CodeIgniter.php(482): CodeIgniter\CodeIgniter->runController(Object(App\Controllers\Arsip))
 8 SYSTEMPATH\CodeIgniter.php(351): CodeIgniter\CodeIgniter->handleRequest(null, Object(Config\Cache), false)
 9 FCPATH\index.php(67): CodeIgniter\CodeIgniter->run()
10 SYSTEMPATH\Commands\Server\rewrite.php(46): require_once('FCPATH\\index.php')
CRITICAL - 2022-11-07 00:22:59 --> Undefined variable $session
in APPPATH\Views\arsip\dashboard.php on line 38.
 1 APPPATH\Views\arsip\dashboard.php(38): CodeIgniter\Debug\Exceptions->errorHandler(2, 'Undefined variable $session', 'APPPATH\\Views\\arsip\\dashboard.php', 38)
 2 SYSTEMPATH\View\View.php(213): include('APPPATH\\Views\\arsip\\dashboard.php')
 3 SYSTEMPATH\View\View.php(216): CodeIgniter\View\View->CodeIgniter\View\{closure}()
 4 SYSTEMPATH\Common.php(1134): CodeIgniter\View\View->render('arsip/dashboard', [], true)
 5 APPPATH\Controllers\Arsip.php(36): view('arsip/dashboard', [...])
 6 SYSTEMPATH\CodeIgniter.php(927): App\Controllers\Arsip->dashboard()
 7 SYSTEMPATH\CodeIgniter.php(482): CodeIgniter\CodeIgniter->runController(Object(App\Controllers\Arsip))
 8 SYSTEMPATH\CodeIgniter.php(351): CodeIgniter\CodeIgniter->handleRequest(null, Object(Config\Cache), false)
 9 FCPATH\index.php(67): CodeIgniter\CodeIgniter->run()
10 SYSTEMPATH\Commands\Server\rewrite.php(46): require_once('FCPATH\\index.php')
CRITICAL - 2022-11-07 00:57:01 --> Attempt to read property "username" on bool
in APPPATH\Views\arsip\dashboard.php on line 38.
 1 APPPATH\Views\arsip\dashboard.php(38): CodeIgniter\Debug\Exceptions->errorHandler(2, 'Attempt to read property "username" on bool', 'APPPATH\\Views\\arsip\\dashboard.php', 38)
 2 SYSTEMPATH\View\View.php(213): include('APPPATH\\Views\\arsip\\dashboard.php')
 3 SYSTEMPATH\View\View.php(216): CodeIgniter\View\View->CodeIgniter\View\{closure}()
 4 SYSTEMPATH\Common.php(1134): CodeIgniter\View\View->render('arsip/dashboard', [], true)
 5 APPPATH\Controllers\Arsip.php(39): view('arsip/dashboard', [...])
 6 SYSTEMPATH\CodeIgniter.php(927): App\Controllers\Arsip->dashboard()
 7 SYSTEMPATH\CodeIgniter.php(482): CodeIgniter\CodeIgniter->runController(Object(App\Controllers\Arsip))
 8 SYSTEMPATH\CodeIgniter.php(351): CodeIgniter\CodeIgniter->handleRequest(null, Object(Config\Cache), false)
 9 FCPATH\index.php(67): CodeIgniter\CodeIgniter->run()
10 SYSTEMPATH\Commands\Server\rewrite.php(46): require_once('FCPATH\\index.php')
CRITICAL - 2022-11-07 00:57:18 --> Trying to access array offset on value of type bool
in APPPATH\Views\arsip\dashboard.php on line 38.
 1 APPPATH\Views\arsip\dashboard.php(38): CodeIgniter\Debug\Exceptions->errorHandler(2, 'Trying to access array offset on value of type bool', 'APPPATH\\Views\\arsip\\dashboard.php', 38)
 2 SYSTEMPATH\View\View.php(213): include('APPPATH\\Views\\arsip\\dashboard.php')
 3 SYSTEMPATH\View\View.php(216): CodeIgniter\View\View->CodeIgniter\View\{closure}()
 4 SYSTEMPATH\Common.php(1134): CodeIgniter\View\View->render('arsip/dashboard', [], true)
 5 APPPATH\Controllers\Arsip.php(39): view('arsip/dashboard', [...])
 6 SYSTEMPATH\CodeIgniter.php(927): App\Controllers\Arsip->dashboard()
 7 SYSTEMPATH\CodeIgniter.php(482): CodeIgniter\CodeIgniter->runController(Object(App\Controllers\Arsip))
 8 SYSTEMPATH\CodeIgniter.php(351): CodeIgniter\CodeIgniter->handleRequest(null, Object(Config\Cache), false)
 9 FCPATH\index.php(67): CodeIgniter\CodeIgniter->run()
10 SYSTEMPATH\Commands\Server\rewrite.php(46): require_once('FCPATH\\index.php')
CRITICAL - 2022-11-07 00:57:25 --> Attempt to read property "username" on bool
in APPPATH\Views\arsip\dashboard.php on line 38.
 1 APPPATH\Views\arsip\dashboard.php(38): CodeIgniter\Debug\Exceptions->errorHandler(2, 'Attempt to read property "username" on bool', 'APPPATH\\Views\\arsip\\dashboard.php', 38)
 2 SYSTEMPATH\View\View.php(213): include('APPPATH\\Views\\arsip\\dashboard.php')
 3 SYSTEMPATH\View\View.php(216): CodeIgniter\View\View->CodeIgniter\View\{closure}()
 4 SYSTEMPATH\Common.php(1134): CodeIgniter\View\View->render('arsip/dashboard', [], true)
 5 APPPATH\Controllers\Arsip.php(39): view('arsip/dashboard', [...])
 6 SYSTEMPATH\CodeIgniter.php(927): App\Controllers\Arsip->dashboard()
 7 SYSTEMPATH\CodeIgniter.php(482): CodeIgniter\CodeIgniter->runController(Object(App\Controllers\Arsip))
 8 SYSTEMPATH\CodeIgniter.php(351): CodeIgniter\CodeIgniter->handleRequest(null, Object(Config\Cache), false)
 9 FCPATH\index.php(67): CodeIgniter\CodeIgniter->run()
10 SYSTEMPATH\Commands\Server\rewrite.php(46): require_once('FCPATH\\index.php')
